ARM GAS  C:\Users\14022\AppData\Local\Temp\ccgkRA9C.s 			page 1


   1              		.cpu cortex-m0
   2              		.arch armv6s-m
   3              		.fpu softvfp
   4              		.eabi_attribute 20, 1
   5              		.eabi_attribute 21, 1
   6              		.eabi_attribute 23, 3
   7              		.eabi_attribute 24, 1
   8              		.eabi_attribute 25, 1
   9              		.eabi_attribute 26, 1
  10              		.eabi_attribute 30, 1
  11              		.eabi_attribute 34, 0
  12              		.eabi_attribute 18, 4
  13              		.file	"stm32f0xx_hal_msp.c"
  14              		.text
  15              	.Ltext0:
  16              		.cfi_sections	.debug_frame
  17              		.file 1 "Core/Src/stm32f0xx_hal_msp.c"
  18              		.section	.text.HAL_MspInit,"ax",%progbits
  19              		.align	1
  20              		.global	HAL_MspInit
  21              		.syntax unified
  22              		.code	16
  23              		.thumb_func
  25              	HAL_MspInit:
  26              	.LFB40:
   1:Core/Src/stm32f0xx_hal_msp.c **** 
   2:Core/Src/stm32f0xx_hal_msp.c **** /* USER CODE BEGIN Header */
   3:Core/Src/stm32f0xx_hal_msp.c **** /**
   4:Core/Src/stm32f0xx_hal_msp.c ****   ******************************************************************************
   5:Core/Src/stm32f0xx_hal_msp.c ****   * @file         stm32f0xx_hal_msp.c
   6:Core/Src/stm32f0xx_hal_msp.c ****   * @brief        This file provides code for the MSP Initialization
   7:Core/Src/stm32f0xx_hal_msp.c ****   *               and de-Initialization codes.
   8:Core/Src/stm32f0xx_hal_msp.c ****   ******************************************************************************
   9:Core/Src/stm32f0xx_hal_msp.c ****   * @attention
  10:Core/Src/stm32f0xx_hal_msp.c ****   *
  11:Core/Src/stm32f0xx_hal_msp.c ****   * Copyright (c) 2025 STMicroelectronics.
  12:Core/Src/stm32f0xx_hal_msp.c ****   * All rights reserved.
  13:Core/Src/stm32f0xx_hal_msp.c ****   *
  14:Core/Src/stm32f0xx_hal_msp.c ****   * This software is licensed under terms that can be found in the LICENSE file
  15:Core/Src/stm32f0xx_hal_msp.c ****   * in the root directory of this software component.
  16:Core/Src/stm32f0xx_hal_msp.c ****   * If no LICENSE file comes with this software, it is provided AS-IS.
  17:Core/Src/stm32f0xx_hal_msp.c ****   *
  18:Core/Src/stm32f0xx_hal_msp.c ****   ******************************************************************************
  19:Core/Src/stm32f0xx_hal_msp.c ****   */
  20:Core/Src/stm32f0xx_hal_msp.c **** /* USER CODE END Header */
  21:Core/Src/stm32f0xx_hal_msp.c **** 
  22:Core/Src/stm32f0xx_hal_msp.c **** /* Includes ------------------------------------------------------------------*/
  23:Core/Src/stm32f0xx_hal_msp.c **** #include "main.h"
  24:Core/Src/stm32f0xx_hal_msp.c **** /* USER CODE BEGIN Includes */
  25:Core/Src/stm32f0xx_hal_msp.c **** 
  26:Core/Src/stm32f0xx_hal_msp.c **** /* USER CODE END Includes */
  27:Core/Src/stm32f0xx_hal_msp.c **** 
  28:Core/Src/stm32f0xx_hal_msp.c **** /* Private typedef -----------------------------------------------------------*/
  29:Core/Src/stm32f0xx_hal_msp.c **** /* USER CODE BEGIN TD */
  30:Core/Src/stm32f0xx_hal_msp.c **** 
  31:Core/Src/stm32f0xx_hal_msp.c **** /* USER CODE END TD */
  32:Core/Src/stm32f0xx_hal_msp.c **** 
ARM GAS  C:\Users\14022\AppData\Local\Temp\ccgkRA9C.s 			page 2


  33:Core/Src/stm32f0xx_hal_msp.c **** /* Private define ------------------------------------------------------------*/
  34:Core/Src/stm32f0xx_hal_msp.c **** /* USER CODE BEGIN Define */
  35:Core/Src/stm32f0xx_hal_msp.c **** 
  36:Core/Src/stm32f0xx_hal_msp.c **** /* USER CODE END Define */
  37:Core/Src/stm32f0xx_hal_msp.c **** 
  38:Core/Src/stm32f0xx_hal_msp.c **** /* Private macro -------------------------------------------------------------*/
  39:Core/Src/stm32f0xx_hal_msp.c **** /* USER CODE BEGIN Macro */
  40:Core/Src/stm32f0xx_hal_msp.c **** 
  41:Core/Src/stm32f0xx_hal_msp.c **** /* USER CODE END Macro */
  42:Core/Src/stm32f0xx_hal_msp.c **** 
  43:Core/Src/stm32f0xx_hal_msp.c **** /* Private variables ---------------------------------------------------------*/
  44:Core/Src/stm32f0xx_hal_msp.c **** /* USER CODE BEGIN PV */
  45:Core/Src/stm32f0xx_hal_msp.c **** 
  46:Core/Src/stm32f0xx_hal_msp.c **** /* USER CODE END PV */
  47:Core/Src/stm32f0xx_hal_msp.c **** 
  48:Core/Src/stm32f0xx_hal_msp.c **** /* Private function prototypes -----------------------------------------------*/
  49:Core/Src/stm32f0xx_hal_msp.c **** /* USER CODE BEGIN PFP */
  50:Core/Src/stm32f0xx_hal_msp.c **** 
  51:Core/Src/stm32f0xx_hal_msp.c **** /* USER CODE END PFP */
  52:Core/Src/stm32f0xx_hal_msp.c **** 
  53:Core/Src/stm32f0xx_hal_msp.c **** /* External functions --------------------------------------------------------*/
  54:Core/Src/stm32f0xx_hal_msp.c **** /* USER CODE BEGIN ExternalFunctions */
  55:Core/Src/stm32f0xx_hal_msp.c **** 
  56:Core/Src/stm32f0xx_hal_msp.c **** /* USER CODE END ExternalFunctions */
  57:Core/Src/stm32f0xx_hal_msp.c **** 
  58:Core/Src/stm32f0xx_hal_msp.c **** /* USER CODE BEGIN 0 */
  59:Core/Src/stm32f0xx_hal_msp.c **** 
  60:Core/Src/stm32f0xx_hal_msp.c **** /* USER CODE END 0 */
  61:Core/Src/stm32f0xx_hal_msp.c **** 
  62:Core/Src/stm32f0xx_hal_msp.c **** void HAL_TIM_MspPostInit(TIM_HandleTypeDef *htim);
  63:Core/Src/stm32f0xx_hal_msp.c ****                                         /**
  64:Core/Src/stm32f0xx_hal_msp.c ****   * Initializes the Global MSP.
  65:Core/Src/stm32f0xx_hal_msp.c ****   */
  66:Core/Src/stm32f0xx_hal_msp.c **** void HAL_MspInit(void)
  67:Core/Src/stm32f0xx_hal_msp.c **** {
  27              		.loc 1 67 1 view -0
  28              		.cfi_startproc
  29              		@ args = 0, pretend = 0, frame = 8
  30              		@ frame_needed = 0, uses_anonymous_args = 0
  31              		@ link register save eliminated.
  32 0000 82B0     		sub	sp, sp, #8
  33              		.cfi_def_cfa_offset 8
  68:Core/Src/stm32f0xx_hal_msp.c **** 
  69:Core/Src/stm32f0xx_hal_msp.c ****   /* USER CODE BEGIN MspInit 0 */
  70:Core/Src/stm32f0xx_hal_msp.c **** 
  71:Core/Src/stm32f0xx_hal_msp.c ****   /* USER CODE END MspInit 0 */
  72:Core/Src/stm32f0xx_hal_msp.c **** 
  73:Core/Src/stm32f0xx_hal_msp.c ****   __HAL_RCC_SYSCFG_CLK_ENABLE();
  34              		.loc 1 73 3 view .LVU1
  35              	.LBB2:
  36              		.loc 1 73 3 view .LVU2
  37              		.loc 1 73 3 view .LVU3
  38 0002 0A4B     		ldr	r3, .L2
  39 0004 9969     		ldr	r1, [r3, #24]
  40 0006 0122     		movs	r2, #1
  41 0008 1143     		orrs	r1, r2
  42 000a 9961     		str	r1, [r3, #24]
ARM GAS  C:\Users\14022\AppData\Local\Temp\ccgkRA9C.s 			page 3


  43              		.loc 1 73 3 view .LVU4
  44 000c 9969     		ldr	r1, [r3, #24]
  45 000e 0A40     		ands	r2, r1
  46 0010 0092     		str	r2, [sp]
  47              		.loc 1 73 3 view .LVU5
  48 0012 009A     		ldr	r2, [sp]
  49              	.LBE2:
  50              		.loc 1 73 3 view .LVU6
  74:Core/Src/stm32f0xx_hal_msp.c ****   __HAL_RCC_PWR_CLK_ENABLE();
  51              		.loc 1 74 3 view .LVU7
  52              	.LBB3:
  53              		.loc 1 74 3 view .LVU8
  54              		.loc 1 74 3 view .LVU9
  55 0014 DA69     		ldr	r2, [r3, #28]
  56 0016 8021     		movs	r1, #128
  57 0018 4905     		lsls	r1, r1, #21
  58 001a 0A43     		orrs	r2, r1
  59 001c DA61     		str	r2, [r3, #28]
  60              		.loc 1 74 3 view .LVU10
  61 001e DB69     		ldr	r3, [r3, #28]
  62 0020 0B40     		ands	r3, r1
  63 0022 0193     		str	r3, [sp, #4]
  64              		.loc 1 74 3 view .LVU11
  65 0024 019B     		ldr	r3, [sp, #4]
  66              	.LBE3:
  67              		.loc 1 74 3 view .LVU12
  75:Core/Src/stm32f0xx_hal_msp.c **** 
  76:Core/Src/stm32f0xx_hal_msp.c ****   /* System interrupt init*/
  77:Core/Src/stm32f0xx_hal_msp.c **** 
  78:Core/Src/stm32f0xx_hal_msp.c ****   /* USER CODE BEGIN MspInit 1 */
  79:Core/Src/stm32f0xx_hal_msp.c **** 
  80:Core/Src/stm32f0xx_hal_msp.c ****   /* USER CODE END MspInit 1 */
  81:Core/Src/stm32f0xx_hal_msp.c **** }
  68              		.loc 1 81 1 is_stmt 0 view .LVU13
  69 0026 02B0     		add	sp, sp, #8
  70              		@ sp needed
  71 0028 7047     		bx	lr
  72              	.L3:
  73 002a C046     		.align	2
  74              	.L2:
  75 002c 00100240 		.word	1073876992
  76              		.cfi_endproc
  77              	.LFE40:
  79              		.section	.text.HAL_RTC_MspInit,"ax",%progbits
  80              		.align	1
  81              		.global	HAL_RTC_MspInit
  82              		.syntax unified
  83              		.code	16
  84              		.thumb_func
  86              	HAL_RTC_MspInit:
  87              	.LVL0:
  88              	.LFB41:
  82:Core/Src/stm32f0xx_hal_msp.c **** 
  83:Core/Src/stm32f0xx_hal_msp.c **** /**
  84:Core/Src/stm32f0xx_hal_msp.c **** * @brief RTC MSP Initialization
  85:Core/Src/stm32f0xx_hal_msp.c **** * This function configures the hardware resources used in this example
  86:Core/Src/stm32f0xx_hal_msp.c **** * @param hrtc: RTC handle pointer
ARM GAS  C:\Users\14022\AppData\Local\Temp\ccgkRA9C.s 			page 4


  87:Core/Src/stm32f0xx_hal_msp.c **** * @retval None
  88:Core/Src/stm32f0xx_hal_msp.c **** */
  89:Core/Src/stm32f0xx_hal_msp.c **** void HAL_RTC_MspInit(RTC_HandleTypeDef* hrtc)
  90:Core/Src/stm32f0xx_hal_msp.c **** {
  89              		.loc 1 90 1 is_stmt 1 view -0
  90              		.cfi_startproc
  91              		@ args = 0, pretend = 0, frame = 0
  92              		@ frame_needed = 0, uses_anonymous_args = 0
  93              		@ link register save eliminated.
  91:Core/Src/stm32f0xx_hal_msp.c ****   if(hrtc->Instance==RTC)
  94              		.loc 1 91 3 view .LVU15
  95              		.loc 1 91 10 is_stmt 0 view .LVU16
  96 0000 0268     		ldr	r2, [r0]
  97              		.loc 1 91 5 view .LVU17
  98 0002 054B     		ldr	r3, .L7
  99 0004 9A42     		cmp	r2, r3
 100 0006 00D0     		beq	.L6
 101              	.L4:
  92:Core/Src/stm32f0xx_hal_msp.c ****   {
  93:Core/Src/stm32f0xx_hal_msp.c ****   /* USER CODE BEGIN RTC_MspInit 0 */
  94:Core/Src/stm32f0xx_hal_msp.c **** 
  95:Core/Src/stm32f0xx_hal_msp.c ****   /* USER CODE END RTC_MspInit 0 */
  96:Core/Src/stm32f0xx_hal_msp.c ****     /* Peripheral clock enable */
  97:Core/Src/stm32f0xx_hal_msp.c ****     __HAL_RCC_RTC_ENABLE();
  98:Core/Src/stm32f0xx_hal_msp.c ****   /* USER CODE BEGIN RTC_MspInit 1 */
  99:Core/Src/stm32f0xx_hal_msp.c **** 
 100:Core/Src/stm32f0xx_hal_msp.c ****   /* USER CODE END RTC_MspInit 1 */
 101:Core/Src/stm32f0xx_hal_msp.c **** 
 102:Core/Src/stm32f0xx_hal_msp.c ****   }
 103:Core/Src/stm32f0xx_hal_msp.c **** 
 104:Core/Src/stm32f0xx_hal_msp.c **** }
 102              		.loc 1 104 1 view .LVU18
 103              		@ sp needed
 104 0008 7047     		bx	lr
 105              	.L6:
  97:Core/Src/stm32f0xx_hal_msp.c ****   /* USER CODE BEGIN RTC_MspInit 1 */
 106              		.loc 1 97 5 is_stmt 1 view .LVU19
 107 000a 044A     		ldr	r2, .L7+4
 108 000c 116A     		ldr	r1, [r2, #32]
 109 000e 8023     		movs	r3, #128
 110 0010 1B02     		lsls	r3, r3, #8
 111 0012 0B43     		orrs	r3, r1
 112 0014 1362     		str	r3, [r2, #32]
 113              		.loc 1 104 1 is_stmt 0 view .LVU20
 114 0016 F7E7     		b	.L4
 115              	.L8:
 116              		.align	2
 117              	.L7:
 118 0018 00280040 		.word	1073752064
 119 001c 00100240 		.word	1073876992
 120              		.cfi_endproc
 121              	.LFE41:
 123              		.section	.text.HAL_RTC_MspDeInit,"ax",%progbits
 124              		.align	1
 125              		.global	HAL_RTC_MspDeInit
 126              		.syntax unified
 127              		.code	16
ARM GAS  C:\Users\14022\AppData\Local\Temp\ccgkRA9C.s 			page 5


 128              		.thumb_func
 130              	HAL_RTC_MspDeInit:
 131              	.LVL1:
 132              	.LFB42:
 105:Core/Src/stm32f0xx_hal_msp.c **** 
 106:Core/Src/stm32f0xx_hal_msp.c **** /**
 107:Core/Src/stm32f0xx_hal_msp.c **** * @brief RTC MSP De-Initialization
 108:Core/Src/stm32f0xx_hal_msp.c **** * This function freeze the hardware resources used in this example
 109:Core/Src/stm32f0xx_hal_msp.c **** * @param hrtc: RTC handle pointer
 110:Core/Src/stm32f0xx_hal_msp.c **** * @retval None
 111:Core/Src/stm32f0xx_hal_msp.c **** */
 112:Core/Src/stm32f0xx_hal_msp.c **** void HAL_RTC_MspDeInit(RTC_HandleTypeDef* hrtc)
 113:Core/Src/stm32f0xx_hal_msp.c **** {
 133              		.loc 1 113 1 is_stmt 1 view -0
 134              		.cfi_startproc
 135              		@ args = 0, pretend = 0, frame = 0
 136              		@ frame_needed = 0, uses_anonymous_args = 0
 137              		@ link register save eliminated.
 114:Core/Src/stm32f0xx_hal_msp.c ****   if(hrtc->Instance==RTC)
 138              		.loc 1 114 3 view .LVU22
 139              		.loc 1 114 10 is_stmt 0 view .LVU23
 140 0000 0268     		ldr	r2, [r0]
 141              		.loc 1 114 5 view .LVU24
 142 0002 054B     		ldr	r3, .L12
 143 0004 9A42     		cmp	r2, r3
 144 0006 00D0     		beq	.L11
 145              	.L9:
 115:Core/Src/stm32f0xx_hal_msp.c ****   {
 116:Core/Src/stm32f0xx_hal_msp.c ****   /* USER CODE BEGIN RTC_MspDeInit 0 */
 117:Core/Src/stm32f0xx_hal_msp.c **** 
 118:Core/Src/stm32f0xx_hal_msp.c ****   /* USER CODE END RTC_MspDeInit 0 */
 119:Core/Src/stm32f0xx_hal_msp.c ****     /* Peripheral clock disable */
 120:Core/Src/stm32f0xx_hal_msp.c ****     __HAL_RCC_RTC_DISABLE();
 121:Core/Src/stm32f0xx_hal_msp.c ****   /* USER CODE BEGIN RTC_MspDeInit 1 */
 122:Core/Src/stm32f0xx_hal_msp.c **** 
 123:Core/Src/stm32f0xx_hal_msp.c ****   /* USER CODE END RTC_MspDeInit 1 */
 124:Core/Src/stm32f0xx_hal_msp.c ****   }
 125:Core/Src/stm32f0xx_hal_msp.c **** 
 126:Core/Src/stm32f0xx_hal_msp.c **** }
 146              		.loc 1 126 1 view .LVU25
 147              		@ sp needed
 148 0008 7047     		bx	lr
 149              	.L11:
 120:Core/Src/stm32f0xx_hal_msp.c ****   /* USER CODE BEGIN RTC_MspDeInit 1 */
 150              		.loc 1 120 5 is_stmt 1 view .LVU26
 151 000a 044A     		ldr	r2, .L12+4
 152 000c 136A     		ldr	r3, [r2, #32]
 153 000e 0449     		ldr	r1, .L12+8
 154 0010 0B40     		ands	r3, r1
 155 0012 1362     		str	r3, [r2, #32]
 156              		.loc 1 126 1 is_stmt 0 view .LVU27
 157 0014 F8E7     		b	.L9
 158              	.L13:
 159 0016 C046     		.align	2
 160              	.L12:
 161 0018 00280040 		.word	1073752064
 162 001c 00100240 		.word	1073876992
ARM GAS  C:\Users\14022\AppData\Local\Temp\ccgkRA9C.s 			page 6


 163 0020 FF7FFFFF 		.word	-32769
 164              		.cfi_endproc
 165              	.LFE42:
 167              		.section	.text.HAL_SPI_MspInit,"ax",%progbits
 168              		.align	1
 169              		.global	HAL_SPI_MspInit
 170              		.syntax unified
 171              		.code	16
 172              		.thumb_func
 174              	HAL_SPI_MspInit:
 175              	.LVL2:
 176              	.LFB43:
 127:Core/Src/stm32f0xx_hal_msp.c **** 
 128:Core/Src/stm32f0xx_hal_msp.c **** /**
 129:Core/Src/stm32f0xx_hal_msp.c **** * @brief SPI MSP Initialization
 130:Core/Src/stm32f0xx_hal_msp.c **** * This function configures the hardware resources used in this example
 131:Core/Src/stm32f0xx_hal_msp.c **** * @param hspi: SPI handle pointer
 132:Core/Src/stm32f0xx_hal_msp.c **** * @retval None
 133:Core/Src/stm32f0xx_hal_msp.c **** */
 134:Core/Src/stm32f0xx_hal_msp.c **** void HAL_SPI_MspInit(SPI_HandleTypeDef* hspi)
 135:Core/Src/stm32f0xx_hal_msp.c **** {
 177              		.loc 1 135 1 is_stmt 1 view -0
 178              		.cfi_startproc
 179              		@ args = 0, pretend = 0, frame = 40
 180              		@ frame_needed = 0, uses_anonymous_args = 0
 181              		.loc 1 135 1 is_stmt 0 view .LVU29
 182 0000 70B5     		push	{r4, r5, r6, lr}
 183              		.cfi_def_cfa_offset 16
 184              		.cfi_offset 4, -16
 185              		.cfi_offset 5, -12
 186              		.cfi_offset 6, -8
 187              		.cfi_offset 14, -4
 188 0002 8AB0     		sub	sp, sp, #40
 189              		.cfi_def_cfa_offset 56
 190 0004 0400     		movs	r4, r0
 136:Core/Src/stm32f0xx_hal_msp.c ****   GPIO_InitTypeDef GPIO_InitStruct = {0};
 191              		.loc 1 136 3 is_stmt 1 view .LVU30
 192              		.loc 1 136 20 is_stmt 0 view .LVU31
 193 0006 1422     		movs	r2, #20
 194 0008 0021     		movs	r1, #0
 195 000a 05A8     		add	r0, sp, #20
 196              	.LVL3:
 197              		.loc 1 136 20 view .LVU32
 198 000c FFF7FEFF 		bl	memset
 199              	.LVL4:
 137:Core/Src/stm32f0xx_hal_msp.c ****   if(hspi->Instance==SPI1)
 200              		.loc 1 137 3 is_stmt 1 view .LVU33
 201              		.loc 1 137 10 is_stmt 0 view .LVU34
 202 0010 2368     		ldr	r3, [r4]
 203              		.loc 1 137 5 view .LVU35
 204 0012 2A4A     		ldr	r2, .L19
 205 0014 9342     		cmp	r3, r2
 206 0016 04D0     		beq	.L17
 138:Core/Src/stm32f0xx_hal_msp.c ****   {
 139:Core/Src/stm32f0xx_hal_msp.c ****   /* USER CODE BEGIN SPI1_MspInit 0 */
 140:Core/Src/stm32f0xx_hal_msp.c **** 
 141:Core/Src/stm32f0xx_hal_msp.c ****   /* USER CODE END SPI1_MspInit 0 */
ARM GAS  C:\Users\14022\AppData\Local\Temp\ccgkRA9C.s 			page 7


 142:Core/Src/stm32f0xx_hal_msp.c ****     /* Peripheral clock enable */
 143:Core/Src/stm32f0xx_hal_msp.c ****     __HAL_RCC_SPI1_CLK_ENABLE();
 144:Core/Src/stm32f0xx_hal_msp.c **** 
 145:Core/Src/stm32f0xx_hal_msp.c ****     __HAL_RCC_GPIOA_CLK_ENABLE();
 146:Core/Src/stm32f0xx_hal_msp.c ****     /**SPI1 GPIO Configuration
 147:Core/Src/stm32f0xx_hal_msp.c ****     PA5     ------> SPI1_SCK
 148:Core/Src/stm32f0xx_hal_msp.c ****     PA6     ------> SPI1_MISO
 149:Core/Src/stm32f0xx_hal_msp.c ****     PA7     ------> SPI1_MOSI
 150:Core/Src/stm32f0xx_hal_msp.c ****     */
 151:Core/Src/stm32f0xx_hal_msp.c ****     GPIO_InitStruct.Pin = GPIO_PIN_5|GPIO_PIN_6|GPIO_PIN_7;
 152:Core/Src/stm32f0xx_hal_msp.c ****     GPIO_InitStruct.Mode = GPIO_MODE_AF_PP;
 153:Core/Src/stm32f0xx_hal_msp.c ****     GPIO_InitStruct.Pull = GPIO_NOPULL;
 154:Core/Src/stm32f0xx_hal_msp.c ****     GPIO_InitStruct.Speed = GPIO_SPEED_FREQ_HIGH;
 155:Core/Src/stm32f0xx_hal_msp.c ****     GPIO_InitStruct.Alternate = GPIO_AF0_SPI1;
 156:Core/Src/stm32f0xx_hal_msp.c ****     HAL_GPIO_Init(GPIOA, &GPIO_InitStruct);
 157:Core/Src/stm32f0xx_hal_msp.c **** 
 158:Core/Src/stm32f0xx_hal_msp.c ****   /* USER CODE BEGIN SPI1_MspInit 1 */
 159:Core/Src/stm32f0xx_hal_msp.c **** 
 160:Core/Src/stm32f0xx_hal_msp.c ****   /* USER CODE END SPI1_MspInit 1 */
 161:Core/Src/stm32f0xx_hal_msp.c ****   }
 162:Core/Src/stm32f0xx_hal_msp.c ****   else if(hspi->Instance==SPI2)
 207              		.loc 1 162 8 is_stmt 1 view .LVU36
 208              		.loc 1 162 10 is_stmt 0 view .LVU37
 209 0018 294A     		ldr	r2, .L19+4
 210 001a 9342     		cmp	r3, r2
 211 001c 20D0     		beq	.L18
 212              	.LVL5:
 213              	.L14:
 163:Core/Src/stm32f0xx_hal_msp.c ****   {
 164:Core/Src/stm32f0xx_hal_msp.c ****   /* USER CODE BEGIN SPI2_MspInit 0 */
 165:Core/Src/stm32f0xx_hal_msp.c **** 
 166:Core/Src/stm32f0xx_hal_msp.c ****   /* USER CODE END SPI2_MspInit 0 */
 167:Core/Src/stm32f0xx_hal_msp.c ****     /* Peripheral clock enable */
 168:Core/Src/stm32f0xx_hal_msp.c ****     __HAL_RCC_SPI2_CLK_ENABLE();
 169:Core/Src/stm32f0xx_hal_msp.c **** 
 170:Core/Src/stm32f0xx_hal_msp.c ****     __HAL_RCC_GPIOB_CLK_ENABLE();
 171:Core/Src/stm32f0xx_hal_msp.c ****     /**SPI2 GPIO Configuration
 172:Core/Src/stm32f0xx_hal_msp.c ****     PB10     ------> SPI2_SCK
 173:Core/Src/stm32f0xx_hal_msp.c ****     PB14     ------> SPI2_MISO
 174:Core/Src/stm32f0xx_hal_msp.c ****     PB15     ------> SPI2_MOSI
 175:Core/Src/stm32f0xx_hal_msp.c ****     */
 176:Core/Src/stm32f0xx_hal_msp.c ****     GPIO_InitStruct.Pin = GPIO_PIN_10;
 177:Core/Src/stm32f0xx_hal_msp.c ****     GPIO_InitStruct.Mode = GPIO_MODE_AF_PP;
 178:Core/Src/stm32f0xx_hal_msp.c ****     GPIO_InitStruct.Pull = GPIO_NOPULL;
 179:Core/Src/stm32f0xx_hal_msp.c ****     GPIO_InitStruct.Speed = GPIO_SPEED_FREQ_HIGH;
 180:Core/Src/stm32f0xx_hal_msp.c ****     GPIO_InitStruct.Alternate = GPIO_AF5_SPI2;
 181:Core/Src/stm32f0xx_hal_msp.c ****     HAL_GPIO_Init(GPIOB, &GPIO_InitStruct);
 182:Core/Src/stm32f0xx_hal_msp.c **** 
 183:Core/Src/stm32f0xx_hal_msp.c ****     GPIO_InitStruct.Pin = GPIO_PIN_14|GPIO_PIN_15;
 184:Core/Src/stm32f0xx_hal_msp.c ****     GPIO_InitStruct.Mode = GPIO_MODE_AF_PP;
 185:Core/Src/stm32f0xx_hal_msp.c ****     GPIO_InitStruct.Pull = GPIO_NOPULL;
 186:Core/Src/stm32f0xx_hal_msp.c ****     GPIO_InitStruct.Speed = GPIO_SPEED_FREQ_HIGH;
 187:Core/Src/stm32f0xx_hal_msp.c ****     GPIO_InitStruct.Alternate = GPIO_AF0_SPI2;
 188:Core/Src/stm32f0xx_hal_msp.c ****     HAL_GPIO_Init(GPIOB, &GPIO_InitStruct);
 189:Core/Src/stm32f0xx_hal_msp.c **** 
 190:Core/Src/stm32f0xx_hal_msp.c ****   /* USER CODE BEGIN SPI2_MspInit 1 */
 191:Core/Src/stm32f0xx_hal_msp.c **** 
ARM GAS  C:\Users\14022\AppData\Local\Temp\ccgkRA9C.s 			page 8


 192:Core/Src/stm32f0xx_hal_msp.c ****   /* USER CODE END SPI2_MspInit 1 */
 193:Core/Src/stm32f0xx_hal_msp.c ****   }
 194:Core/Src/stm32f0xx_hal_msp.c **** 
 195:Core/Src/stm32f0xx_hal_msp.c **** }
 214              		.loc 1 195 1 view .LVU38
 215 001e 0AB0     		add	sp, sp, #40
 216              		@ sp needed
 217 0020 70BD     		pop	{r4, r5, r6, pc}
 218              	.LVL6:
 219              	.L17:
 143:Core/Src/stm32f0xx_hal_msp.c **** 
 220              		.loc 1 143 5 is_stmt 1 view .LVU39
 221              	.LBB4:
 143:Core/Src/stm32f0xx_hal_msp.c **** 
 222              		.loc 1 143 5 view .LVU40
 143:Core/Src/stm32f0xx_hal_msp.c **** 
 223              		.loc 1 143 5 view .LVU41
 224 0022 284B     		ldr	r3, .L19+8
 225 0024 9A69     		ldr	r2, [r3, #24]
 226 0026 8021     		movs	r1, #128
 227 0028 4901     		lsls	r1, r1, #5
 228 002a 0A43     		orrs	r2, r1
 229 002c 9A61     		str	r2, [r3, #24]
 143:Core/Src/stm32f0xx_hal_msp.c **** 
 230              		.loc 1 143 5 view .LVU42
 231 002e 9A69     		ldr	r2, [r3, #24]
 232 0030 0A40     		ands	r2, r1
 233 0032 0192     		str	r2, [sp, #4]
 143:Core/Src/stm32f0xx_hal_msp.c **** 
 234              		.loc 1 143 5 view .LVU43
 235 0034 019A     		ldr	r2, [sp, #4]
 236              	.LBE4:
 143:Core/Src/stm32f0xx_hal_msp.c **** 
 237              		.loc 1 143 5 view .LVU44
 145:Core/Src/stm32f0xx_hal_msp.c ****     /**SPI1 GPIO Configuration
 238              		.loc 1 145 5 view .LVU45
 239              	.LBB5:
 145:Core/Src/stm32f0xx_hal_msp.c ****     /**SPI1 GPIO Configuration
 240              		.loc 1 145 5 view .LVU46
 145:Core/Src/stm32f0xx_hal_msp.c ****     /**SPI1 GPIO Configuration
 241              		.loc 1 145 5 view .LVU47
 242 0036 5A69     		ldr	r2, [r3, #20]
 243 0038 8021     		movs	r1, #128
 244 003a 8902     		lsls	r1, r1, #10
 245 003c 0A43     		orrs	r2, r1
 246 003e 5A61     		str	r2, [r3, #20]
 145:Core/Src/stm32f0xx_hal_msp.c ****     /**SPI1 GPIO Configuration
 247              		.loc 1 145 5 view .LVU48
 248 0040 5B69     		ldr	r3, [r3, #20]
 249 0042 0B40     		ands	r3, r1
 250 0044 0293     		str	r3, [sp, #8]
 145:Core/Src/stm32f0xx_hal_msp.c ****     /**SPI1 GPIO Configuration
 251              		.loc 1 145 5 view .LVU49
 252 0046 029B     		ldr	r3, [sp, #8]
 253              	.LBE5:
 145:Core/Src/stm32f0xx_hal_msp.c ****     /**SPI1 GPIO Configuration
 254              		.loc 1 145 5 view .LVU50
ARM GAS  C:\Users\14022\AppData\Local\Temp\ccgkRA9C.s 			page 9


 151:Core/Src/stm32f0xx_hal_msp.c ****     GPIO_InitStruct.Mode = GPIO_MODE_AF_PP;
 255              		.loc 1 151 5 view .LVU51
 151:Core/Src/stm32f0xx_hal_msp.c ****     GPIO_InitStruct.Mode = GPIO_MODE_AF_PP;
 256              		.loc 1 151 25 is_stmt 0 view .LVU52
 257 0048 E023     		movs	r3, #224
 258 004a 0593     		str	r3, [sp, #20]
 152:Core/Src/stm32f0xx_hal_msp.c ****     GPIO_InitStruct.Pull = GPIO_NOPULL;
 259              		.loc 1 152 5 is_stmt 1 view .LVU53
 152:Core/Src/stm32f0xx_hal_msp.c ****     GPIO_InitStruct.Pull = GPIO_NOPULL;
 260              		.loc 1 152 26 is_stmt 0 view .LVU54
 261 004c DE3B     		subs	r3, r3, #222
 262 004e 0693     		str	r3, [sp, #24]
 153:Core/Src/stm32f0xx_hal_msp.c ****     GPIO_InitStruct.Speed = GPIO_SPEED_FREQ_HIGH;
 263              		.loc 1 153 5 is_stmt 1 view .LVU55
 154:Core/Src/stm32f0xx_hal_msp.c ****     GPIO_InitStruct.Alternate = GPIO_AF0_SPI1;
 264              		.loc 1 154 5 view .LVU56
 154:Core/Src/stm32f0xx_hal_msp.c ****     GPIO_InitStruct.Alternate = GPIO_AF0_SPI1;
 265              		.loc 1 154 27 is_stmt 0 view .LVU57
 266 0050 0133     		adds	r3, r3, #1
 267 0052 0893     		str	r3, [sp, #32]
 155:Core/Src/stm32f0xx_hal_msp.c ****     HAL_GPIO_Init(GPIOA, &GPIO_InitStruct);
 268              		.loc 1 155 5 is_stmt 1 view .LVU58
 156:Core/Src/stm32f0xx_hal_msp.c **** 
 269              		.loc 1 156 5 view .LVU59
 270 0054 9020     		movs	r0, #144
 271 0056 05A9     		add	r1, sp, #20
 272 0058 C005     		lsls	r0, r0, #23
 273 005a FFF7FEFF 		bl	HAL_GPIO_Init
 274              	.LVL7:
 275 005e DEE7     		b	.L14
 276              	.L18:
 168:Core/Src/stm32f0xx_hal_msp.c **** 
 277              		.loc 1 168 5 view .LVU60
 278              	.LBB6:
 168:Core/Src/stm32f0xx_hal_msp.c **** 
 279              		.loc 1 168 5 view .LVU61
 168:Core/Src/stm32f0xx_hal_msp.c **** 
 280              		.loc 1 168 5 view .LVU62
 281 0060 184B     		ldr	r3, .L19+8
 282 0062 DA69     		ldr	r2, [r3, #28]
 283 0064 8021     		movs	r1, #128
 284 0066 C901     		lsls	r1, r1, #7
 285 0068 0A43     		orrs	r2, r1
 286 006a DA61     		str	r2, [r3, #28]
 168:Core/Src/stm32f0xx_hal_msp.c **** 
 287              		.loc 1 168 5 view .LVU63
 288 006c DA69     		ldr	r2, [r3, #28]
 289 006e 0A40     		ands	r2, r1
 290 0070 0392     		str	r2, [sp, #12]
 168:Core/Src/stm32f0xx_hal_msp.c **** 
 291              		.loc 1 168 5 view .LVU64
 292 0072 039A     		ldr	r2, [sp, #12]
 293              	.LBE6:
 168:Core/Src/stm32f0xx_hal_msp.c **** 
 294              		.loc 1 168 5 view .LVU65
 170:Core/Src/stm32f0xx_hal_msp.c ****     /**SPI2 GPIO Configuration
 295              		.loc 1 170 5 view .LVU66
ARM GAS  C:\Users\14022\AppData\Local\Temp\ccgkRA9C.s 			page 10


 296              	.LBB7:
 170:Core/Src/stm32f0xx_hal_msp.c ****     /**SPI2 GPIO Configuration
 297              		.loc 1 170 5 view .LVU67
 170:Core/Src/stm32f0xx_hal_msp.c ****     /**SPI2 GPIO Configuration
 298              		.loc 1 170 5 view .LVU68
 299 0074 5A69     		ldr	r2, [r3, #20]
 300 0076 8021     		movs	r1, #128
 301 0078 C902     		lsls	r1, r1, #11
 302 007a 0A43     		orrs	r2, r1
 303 007c 5A61     		str	r2, [r3, #20]
 170:Core/Src/stm32f0xx_hal_msp.c ****     /**SPI2 GPIO Configuration
 304              		.loc 1 170 5 view .LVU69
 305 007e 5B69     		ldr	r3, [r3, #20]
 306 0080 0B40     		ands	r3, r1
 307 0082 0493     		str	r3, [sp, #16]
 170:Core/Src/stm32f0xx_hal_msp.c ****     /**SPI2 GPIO Configuration
 308              		.loc 1 170 5 view .LVU70
 309 0084 049B     		ldr	r3, [sp, #16]
 310              	.LBE7:
 170:Core/Src/stm32f0xx_hal_msp.c ****     /**SPI2 GPIO Configuration
 311              		.loc 1 170 5 view .LVU71
 176:Core/Src/stm32f0xx_hal_msp.c ****     GPIO_InitStruct.Mode = GPIO_MODE_AF_PP;
 312              		.loc 1 176 5 view .LVU72
 176:Core/Src/stm32f0xx_hal_msp.c ****     GPIO_InitStruct.Mode = GPIO_MODE_AF_PP;
 313              		.loc 1 176 25 is_stmt 0 view .LVU73
 314 0086 8023     		movs	r3, #128
 315 0088 DB00     		lsls	r3, r3, #3
 316 008a 0593     		str	r3, [sp, #20]
 177:Core/Src/stm32f0xx_hal_msp.c ****     GPIO_InitStruct.Pull = GPIO_NOPULL;
 317              		.loc 1 177 5 is_stmt 1 view .LVU74
 177:Core/Src/stm32f0xx_hal_msp.c ****     GPIO_InitStruct.Pull = GPIO_NOPULL;
 318              		.loc 1 177 26 is_stmt 0 view .LVU75
 319 008c 0226     		movs	r6, #2
 320 008e 0696     		str	r6, [sp, #24]
 178:Core/Src/stm32f0xx_hal_msp.c ****     GPIO_InitStruct.Speed = GPIO_SPEED_FREQ_HIGH;
 321              		.loc 1 178 5 is_stmt 1 view .LVU76
 179:Core/Src/stm32f0xx_hal_msp.c ****     GPIO_InitStruct.Alternate = GPIO_AF5_SPI2;
 322              		.loc 1 179 5 view .LVU77
 179:Core/Src/stm32f0xx_hal_msp.c ****     GPIO_InitStruct.Alternate = GPIO_AF5_SPI2;
 323              		.loc 1 179 27 is_stmt 0 view .LVU78
 324 0090 0325     		movs	r5, #3
 325 0092 0895     		str	r5, [sp, #32]
 180:Core/Src/stm32f0xx_hal_msp.c ****     HAL_GPIO_Init(GPIOB, &GPIO_InitStruct);
 326              		.loc 1 180 5 is_stmt 1 view .LVU79
 180:Core/Src/stm32f0xx_hal_msp.c ****     HAL_GPIO_Init(GPIOB, &GPIO_InitStruct);
 327              		.loc 1 180 31 is_stmt 0 view .LVU80
 328 0094 0523     		movs	r3, #5
 329 0096 0993     		str	r3, [sp, #36]
 181:Core/Src/stm32f0xx_hal_msp.c **** 
 330              		.loc 1 181 5 is_stmt 1 view .LVU81
 331 0098 0B4C     		ldr	r4, .L19+12
 332              	.LVL8:
 181:Core/Src/stm32f0xx_hal_msp.c **** 
 333              		.loc 1 181 5 is_stmt 0 view .LVU82
 334 009a 05A9     		add	r1, sp, #20
 335 009c 2000     		movs	r0, r4
 336 009e FFF7FEFF 		bl	HAL_GPIO_Init
ARM GAS  C:\Users\14022\AppData\Local\Temp\ccgkRA9C.s 			page 11


 337              	.LVL9:
 183:Core/Src/stm32f0xx_hal_msp.c ****     GPIO_InitStruct.Mode = GPIO_MODE_AF_PP;
 338              		.loc 1 183 5 is_stmt 1 view .LVU83
 183:Core/Src/stm32f0xx_hal_msp.c ****     GPIO_InitStruct.Mode = GPIO_MODE_AF_PP;
 339              		.loc 1 183 25 is_stmt 0 view .LVU84
 340 00a2 C023     		movs	r3, #192
 341 00a4 1B02     		lsls	r3, r3, #8
 342 00a6 0593     		str	r3, [sp, #20]
 184:Core/Src/stm32f0xx_hal_msp.c ****     GPIO_InitStruct.Pull = GPIO_NOPULL;
 343              		.loc 1 184 5 is_stmt 1 view .LVU85
 184:Core/Src/stm32f0xx_hal_msp.c ****     GPIO_InitStruct.Pull = GPIO_NOPULL;
 344              		.loc 1 184 26 is_stmt 0 view .LVU86
 345 00a8 0696     		str	r6, [sp, #24]
 185:Core/Src/stm32f0xx_hal_msp.c ****     GPIO_InitStruct.Speed = GPIO_SPEED_FREQ_HIGH;
 346              		.loc 1 185 5 is_stmt 1 view .LVU87
 185:Core/Src/stm32f0xx_hal_msp.c ****     GPIO_InitStruct.Speed = GPIO_SPEED_FREQ_HIGH;
 347              		.loc 1 185 26 is_stmt 0 view .LVU88
 348 00aa 0023     		movs	r3, #0
 349 00ac 0793     		str	r3, [sp, #28]
 186:Core/Src/stm32f0xx_hal_msp.c ****     GPIO_InitStruct.Alternate = GPIO_AF0_SPI2;
 350              		.loc 1 186 5 is_stmt 1 view .LVU89
 186:Core/Src/stm32f0xx_hal_msp.c ****     GPIO_InitStruct.Alternate = GPIO_AF0_SPI2;
 351              		.loc 1 186 27 is_stmt 0 view .LVU90
 352 00ae 0895     		str	r5, [sp, #32]
 187:Core/Src/stm32f0xx_hal_msp.c ****     HAL_GPIO_Init(GPIOB, &GPIO_InitStruct);
 353              		.loc 1 187 5 is_stmt 1 view .LVU91
 187:Core/Src/stm32f0xx_hal_msp.c ****     HAL_GPIO_Init(GPIOB, &GPIO_InitStruct);
 354              		.loc 1 187 31 is_stmt 0 view .LVU92
 355 00b0 0993     		str	r3, [sp, #36]
 188:Core/Src/stm32f0xx_hal_msp.c **** 
 356              		.loc 1 188 5 is_stmt 1 view .LVU93
 357 00b2 05A9     		add	r1, sp, #20
 358 00b4 2000     		movs	r0, r4
 359 00b6 FFF7FEFF 		bl	HAL_GPIO_Init
 360              	.LVL10:
 361              		.loc 1 195 1 is_stmt 0 view .LVU94
 362 00ba B0E7     		b	.L14
 363              	.L20:
 364              		.align	2
 365              	.L19:
 366 00bc 00300140 		.word	1073819648
 367 00c0 00380040 		.word	1073756160
 368 00c4 00100240 		.word	1073876992
 369 00c8 00040048 		.word	1207960576
 370              		.cfi_endproc
 371              	.LFE43:
 373              		.section	.text.HAL_SPI_MspDeInit,"ax",%progbits
 374              		.align	1
 375              		.global	HAL_SPI_MspDeInit
 376              		.syntax unified
 377              		.code	16
 378              		.thumb_func
 380              	HAL_SPI_MspDeInit:
 381              	.LVL11:
 382              	.LFB44:
 196:Core/Src/stm32f0xx_hal_msp.c **** 
 197:Core/Src/stm32f0xx_hal_msp.c **** /**
ARM GAS  C:\Users\14022\AppData\Local\Temp\ccgkRA9C.s 			page 12


 198:Core/Src/stm32f0xx_hal_msp.c **** * @brief SPI MSP De-Initialization
 199:Core/Src/stm32f0xx_hal_msp.c **** * This function freeze the hardware resources used in this example
 200:Core/Src/stm32f0xx_hal_msp.c **** * @param hspi: SPI handle pointer
 201:Core/Src/stm32f0xx_hal_msp.c **** * @retval None
 202:Core/Src/stm32f0xx_hal_msp.c **** */
 203:Core/Src/stm32f0xx_hal_msp.c **** void HAL_SPI_MspDeInit(SPI_HandleTypeDef* hspi)
 204:Core/Src/stm32f0xx_hal_msp.c **** {
 383              		.loc 1 204 1 is_stmt 1 view -0
 384              		.cfi_startproc
 385              		@ args = 0, pretend = 0, frame = 0
 386              		@ frame_needed = 0, uses_anonymous_args = 0
 387              		.loc 1 204 1 is_stmt 0 view .LVU96
 388 0000 10B5     		push	{r4, lr}
 389              		.cfi_def_cfa_offset 8
 390              		.cfi_offset 4, -8
 391              		.cfi_offset 14, -4
 205:Core/Src/stm32f0xx_hal_msp.c ****   if(hspi->Instance==SPI1)
 392              		.loc 1 205 3 is_stmt 1 view .LVU97
 393              		.loc 1 205 10 is_stmt 0 view .LVU98
 394 0002 0368     		ldr	r3, [r0]
 395              		.loc 1 205 5 view .LVU99
 396 0004 0E4A     		ldr	r2, .L26
 397 0006 9342     		cmp	r3, r2
 398 0008 03D0     		beq	.L24
 206:Core/Src/stm32f0xx_hal_msp.c ****   {
 207:Core/Src/stm32f0xx_hal_msp.c ****   /* USER CODE BEGIN SPI1_MspDeInit 0 */
 208:Core/Src/stm32f0xx_hal_msp.c **** 
 209:Core/Src/stm32f0xx_hal_msp.c ****   /* USER CODE END SPI1_MspDeInit 0 */
 210:Core/Src/stm32f0xx_hal_msp.c ****     /* Peripheral clock disable */
 211:Core/Src/stm32f0xx_hal_msp.c ****     __HAL_RCC_SPI1_CLK_DISABLE();
 212:Core/Src/stm32f0xx_hal_msp.c **** 
 213:Core/Src/stm32f0xx_hal_msp.c ****     /**SPI1 GPIO Configuration
 214:Core/Src/stm32f0xx_hal_msp.c ****     PA5     ------> SPI1_SCK
 215:Core/Src/stm32f0xx_hal_msp.c ****     PA6     ------> SPI1_MISO
 216:Core/Src/stm32f0xx_hal_msp.c ****     PA7     ------> SPI1_MOSI
 217:Core/Src/stm32f0xx_hal_msp.c ****     */
 218:Core/Src/stm32f0xx_hal_msp.c ****     HAL_GPIO_DeInit(GPIOA, GPIO_PIN_5|GPIO_PIN_6|GPIO_PIN_7);
 219:Core/Src/stm32f0xx_hal_msp.c **** 
 220:Core/Src/stm32f0xx_hal_msp.c ****   /* USER CODE BEGIN SPI1_MspDeInit 1 */
 221:Core/Src/stm32f0xx_hal_msp.c **** 
 222:Core/Src/stm32f0xx_hal_msp.c ****   /* USER CODE END SPI1_MspDeInit 1 */
 223:Core/Src/stm32f0xx_hal_msp.c ****   }
 224:Core/Src/stm32f0xx_hal_msp.c ****   else if(hspi->Instance==SPI2)
 399              		.loc 1 224 8 is_stmt 1 view .LVU100
 400              		.loc 1 224 10 is_stmt 0 view .LVU101
 401 000a 0E4A     		ldr	r2, .L26+4
 402 000c 9342     		cmp	r3, r2
 403 000e 0BD0     		beq	.L25
 404              	.LVL12:
 405              	.L21:
 225:Core/Src/stm32f0xx_hal_msp.c ****   {
 226:Core/Src/stm32f0xx_hal_msp.c ****   /* USER CODE BEGIN SPI2_MspDeInit 0 */
 227:Core/Src/stm32f0xx_hal_msp.c **** 
 228:Core/Src/stm32f0xx_hal_msp.c ****   /* USER CODE END SPI2_MspDeInit 0 */
 229:Core/Src/stm32f0xx_hal_msp.c ****     /* Peripheral clock disable */
 230:Core/Src/stm32f0xx_hal_msp.c ****     __HAL_RCC_SPI2_CLK_DISABLE();
 231:Core/Src/stm32f0xx_hal_msp.c **** 
ARM GAS  C:\Users\14022\AppData\Local\Temp\ccgkRA9C.s 			page 13


 232:Core/Src/stm32f0xx_hal_msp.c ****     /**SPI2 GPIO Configuration
 233:Core/Src/stm32f0xx_hal_msp.c ****     PB10     ------> SPI2_SCK
 234:Core/Src/stm32f0xx_hal_msp.c ****     PB14     ------> SPI2_MISO
 235:Core/Src/stm32f0xx_hal_msp.c ****     PB15     ------> SPI2_MOSI
 236:Core/Src/stm32f0xx_hal_msp.c ****     */
 237:Core/Src/stm32f0xx_hal_msp.c ****     HAL_GPIO_DeInit(GPIOB, GPIO_PIN_10|GPIO_PIN_14|GPIO_PIN_15);
 238:Core/Src/stm32f0xx_hal_msp.c **** 
 239:Core/Src/stm32f0xx_hal_msp.c ****   /* USER CODE BEGIN SPI2_MspDeInit 1 */
 240:Core/Src/stm32f0xx_hal_msp.c **** 
 241:Core/Src/stm32f0xx_hal_msp.c ****   /* USER CODE END SPI2_MspDeInit 1 */
 242:Core/Src/stm32f0xx_hal_msp.c ****   }
 243:Core/Src/stm32f0xx_hal_msp.c **** 
 244:Core/Src/stm32f0xx_hal_msp.c **** }
 406              		.loc 1 244 1 view .LVU102
 407              		@ sp needed
 408 0010 10BD     		pop	{r4, pc}
 409              	.LVL13:
 410              	.L24:
 211:Core/Src/stm32f0xx_hal_msp.c **** 
 411              		.loc 1 211 5 is_stmt 1 view .LVU103
 412 0012 0D4A     		ldr	r2, .L26+8
 413 0014 9369     		ldr	r3, [r2, #24]
 414 0016 0D49     		ldr	r1, .L26+12
 415 0018 0B40     		ands	r3, r1
 416 001a 9361     		str	r3, [r2, #24]
 218:Core/Src/stm32f0xx_hal_msp.c **** 
 417              		.loc 1 218 5 view .LVU104
 418 001c 9020     		movs	r0, #144
 419              	.LVL14:
 218:Core/Src/stm32f0xx_hal_msp.c **** 
 420              		.loc 1 218 5 is_stmt 0 view .LVU105
 421 001e E021     		movs	r1, #224
 422 0020 C005     		lsls	r0, r0, #23
 423 0022 FFF7FEFF 		bl	HAL_GPIO_DeInit
 424              	.LVL15:
 425 0026 F3E7     		b	.L21
 426              	.LVL16:
 427              	.L25:
 230:Core/Src/stm32f0xx_hal_msp.c **** 
 428              		.loc 1 230 5 is_stmt 1 view .LVU106
 429 0028 074A     		ldr	r2, .L26+8
 430 002a D369     		ldr	r3, [r2, #28]
 431 002c 0849     		ldr	r1, .L26+16
 432 002e 0B40     		ands	r3, r1
 433 0030 D361     		str	r3, [r2, #28]
 237:Core/Src/stm32f0xx_hal_msp.c **** 
 434              		.loc 1 237 5 view .LVU107
 435 0032 C421     		movs	r1, #196
 436 0034 0902     		lsls	r1, r1, #8
 437 0036 0748     		ldr	r0, .L26+20
 438              	.LVL17:
 237:Core/Src/stm32f0xx_hal_msp.c **** 
 439              		.loc 1 237 5 is_stmt 0 view .LVU108
 440 0038 FFF7FEFF 		bl	HAL_GPIO_DeInit
 441              	.LVL18:
 442              		.loc 1 244 1 view .LVU109
 443 003c E8E7     		b	.L21
ARM GAS  C:\Users\14022\AppData\Local\Temp\ccgkRA9C.s 			page 14


 444              	.L27:
 445 003e C046     		.align	2
 446              	.L26:
 447 0040 00300140 		.word	1073819648
 448 0044 00380040 		.word	1073756160
 449 0048 00100240 		.word	1073876992
 450 004c FFEFFFFF 		.word	-4097
 451 0050 FFBFFFFF 		.word	-16385
 452 0054 00040048 		.word	1207960576
 453              		.cfi_endproc
 454              	.LFE44:
 456              		.section	.text.HAL_TIM_PWM_MspInit,"ax",%progbits
 457              		.align	1
 458              		.global	HAL_TIM_PWM_MspInit
 459              		.syntax unified
 460              		.code	16
 461              		.thumb_func
 463              	HAL_TIM_PWM_MspInit:
 464              	.LVL19:
 465              	.LFB45:
 245:Core/Src/stm32f0xx_hal_msp.c **** 
 246:Core/Src/stm32f0xx_hal_msp.c **** /**
 247:Core/Src/stm32f0xx_hal_msp.c **** * @brief TIM_PWM MSP Initialization
 248:Core/Src/stm32f0xx_hal_msp.c **** * This function configures the hardware resources used in this example
 249:Core/Src/stm32f0xx_hal_msp.c **** * @param htim_pwm: TIM_PWM handle pointer
 250:Core/Src/stm32f0xx_hal_msp.c **** * @retval None
 251:Core/Src/stm32f0xx_hal_msp.c **** */
 252:Core/Src/stm32f0xx_hal_msp.c **** void HAL_TIM_PWM_MspInit(TIM_HandleTypeDef* htim_pwm)
 253:Core/Src/stm32f0xx_hal_msp.c **** {
 466              		.loc 1 253 1 is_stmt 1 view -0
 467              		.cfi_startproc
 468              		@ args = 0, pretend = 0, frame = 8
 469              		@ frame_needed = 0, uses_anonymous_args = 0
 470              		@ link register save eliminated.
 471              		.loc 1 253 1 is_stmt 0 view .LVU111
 472 0000 82B0     		sub	sp, sp, #8
 473              		.cfi_def_cfa_offset 8
 254:Core/Src/stm32f0xx_hal_msp.c ****   if(htim_pwm->Instance==TIM1)
 474              		.loc 1 254 3 is_stmt 1 view .LVU112
 475              		.loc 1 254 14 is_stmt 0 view .LVU113
 476 0002 0368     		ldr	r3, [r0]
 477              		.loc 1 254 5 view .LVU114
 478 0004 0E4A     		ldr	r2, .L33
 479 0006 9342     		cmp	r3, r2
 480 0008 05D0     		beq	.L31
 255:Core/Src/stm32f0xx_hal_msp.c ****   {
 256:Core/Src/stm32f0xx_hal_msp.c ****   /* USER CODE BEGIN TIM1_MspInit 0 */
 257:Core/Src/stm32f0xx_hal_msp.c **** 
 258:Core/Src/stm32f0xx_hal_msp.c ****   /* USER CODE END TIM1_MspInit 0 */
 259:Core/Src/stm32f0xx_hal_msp.c ****     /* Peripheral clock enable */
 260:Core/Src/stm32f0xx_hal_msp.c ****     __HAL_RCC_TIM1_CLK_ENABLE();
 261:Core/Src/stm32f0xx_hal_msp.c ****   /* USER CODE BEGIN TIM1_MspInit 1 */
 262:Core/Src/stm32f0xx_hal_msp.c **** 
 263:Core/Src/stm32f0xx_hal_msp.c ****   /* USER CODE END TIM1_MspInit 1 */
 264:Core/Src/stm32f0xx_hal_msp.c ****   }
 265:Core/Src/stm32f0xx_hal_msp.c ****   else if(htim_pwm->Instance==TIM2)
 481              		.loc 1 265 8 is_stmt 1 view .LVU115
ARM GAS  C:\Users\14022\AppData\Local\Temp\ccgkRA9C.s 			page 15


 482              		.loc 1 265 10 is_stmt 0 view .LVU116
 483 000a 8022     		movs	r2, #128
 484 000c D205     		lsls	r2, r2, #23
 485 000e 9342     		cmp	r3, r2
 486 0010 0CD0     		beq	.L32
 487              	.L28:
 266:Core/Src/stm32f0xx_hal_msp.c ****   {
 267:Core/Src/stm32f0xx_hal_msp.c ****   /* USER CODE BEGIN TIM2_MspInit 0 */
 268:Core/Src/stm32f0xx_hal_msp.c **** 
 269:Core/Src/stm32f0xx_hal_msp.c ****   /* USER CODE END TIM2_MspInit 0 */
 270:Core/Src/stm32f0xx_hal_msp.c ****     /* Peripheral clock enable */
 271:Core/Src/stm32f0xx_hal_msp.c ****     __HAL_RCC_TIM2_CLK_ENABLE();
 272:Core/Src/stm32f0xx_hal_msp.c ****   /* USER CODE BEGIN TIM2_MspInit 1 */
 273:Core/Src/stm32f0xx_hal_msp.c **** 
 274:Core/Src/stm32f0xx_hal_msp.c ****   /* USER CODE END TIM2_MspInit 1 */
 275:Core/Src/stm32f0xx_hal_msp.c ****   }
 276:Core/Src/stm32f0xx_hal_msp.c **** 
 277:Core/Src/stm32f0xx_hal_msp.c **** }
 488              		.loc 1 277 1 view .LVU117
 489 0012 02B0     		add	sp, sp, #8
 490              		@ sp needed
 491 0014 7047     		bx	lr
 492              	.L31:
 260:Core/Src/stm32f0xx_hal_msp.c ****   /* USER CODE BEGIN TIM1_MspInit 1 */
 493              		.loc 1 260 5 is_stmt 1 view .LVU118
 494              	.LBB8:
 260:Core/Src/stm32f0xx_hal_msp.c ****   /* USER CODE BEGIN TIM1_MspInit 1 */
 495              		.loc 1 260 5 view .LVU119
 260:Core/Src/stm32f0xx_hal_msp.c ****   /* USER CODE BEGIN TIM1_MspInit 1 */
 496              		.loc 1 260 5 view .LVU120
 497 0016 0B4B     		ldr	r3, .L33+4
 498 0018 9A69     		ldr	r2, [r3, #24]
 499 001a 8021     		movs	r1, #128
 500 001c 0901     		lsls	r1, r1, #4
 501 001e 0A43     		orrs	r2, r1
 502 0020 9A61     		str	r2, [r3, #24]
 260:Core/Src/stm32f0xx_hal_msp.c ****   /* USER CODE BEGIN TIM1_MspInit 1 */
 503              		.loc 1 260 5 view .LVU121
 504 0022 9B69     		ldr	r3, [r3, #24]
 505 0024 0B40     		ands	r3, r1
 506 0026 0093     		str	r3, [sp]
 260:Core/Src/stm32f0xx_hal_msp.c ****   /* USER CODE BEGIN TIM1_MspInit 1 */
 507              		.loc 1 260 5 view .LVU122
 508 0028 009B     		ldr	r3, [sp]
 509              	.LBE8:
 260:Core/Src/stm32f0xx_hal_msp.c ****   /* USER CODE BEGIN TIM1_MspInit 1 */
 510              		.loc 1 260 5 view .LVU123
 511 002a F2E7     		b	.L28
 512              	.L32:
 271:Core/Src/stm32f0xx_hal_msp.c ****   /* USER CODE BEGIN TIM2_MspInit 1 */
 513              		.loc 1 271 5 view .LVU124
 514              	.LBB9:
 271:Core/Src/stm32f0xx_hal_msp.c ****   /* USER CODE BEGIN TIM2_MspInit 1 */
 515              		.loc 1 271 5 view .LVU125
 271:Core/Src/stm32f0xx_hal_msp.c ****   /* USER CODE BEGIN TIM2_MspInit 1 */
 516              		.loc 1 271 5 view .LVU126
 517 002c 054A     		ldr	r2, .L33+4
ARM GAS  C:\Users\14022\AppData\Local\Temp\ccgkRA9C.s 			page 16


 518 002e D169     		ldr	r1, [r2, #28]
 519 0030 0123     		movs	r3, #1
 520 0032 1943     		orrs	r1, r3
 521 0034 D161     		str	r1, [r2, #28]
 271:Core/Src/stm32f0xx_hal_msp.c ****   /* USER CODE BEGIN TIM2_MspInit 1 */
 522              		.loc 1 271 5 view .LVU127
 523 0036 D269     		ldr	r2, [r2, #28]
 524 0038 1340     		ands	r3, r2
 525 003a 0193     		str	r3, [sp, #4]
 271:Core/Src/stm32f0xx_hal_msp.c ****   /* USER CODE BEGIN TIM2_MspInit 1 */
 526              		.loc 1 271 5 view .LVU128
 527 003c 019B     		ldr	r3, [sp, #4]
 528              	.LBE9:
 271:Core/Src/stm32f0xx_hal_msp.c ****   /* USER CODE BEGIN TIM2_MspInit 1 */
 529              		.loc 1 271 5 discriminator 1 view .LVU129
 530              		.loc 1 277 1 is_stmt 0 view .LVU130
 531 003e E8E7     		b	.L28
 532              	.L34:
 533              		.align	2
 534              	.L33:
 535 0040 002C0140 		.word	1073818624
 536 0044 00100240 		.word	1073876992
 537              		.cfi_endproc
 538              	.LFE45:
 540              		.section	.text.HAL_TIM_MspPostInit,"ax",%progbits
 541              		.align	1
 542              		.global	HAL_TIM_MspPostInit
 543              		.syntax unified
 544              		.code	16
 545              		.thumb_func
 547              	HAL_TIM_MspPostInit:
 548              	.LVL20:
 549              	.LFB46:
 278:Core/Src/stm32f0xx_hal_msp.c **** 
 279:Core/Src/stm32f0xx_hal_msp.c **** void HAL_TIM_MspPostInit(TIM_HandleTypeDef* htim)
 280:Core/Src/stm32f0xx_hal_msp.c **** {
 550              		.loc 1 280 1 is_stmt 1 view -0
 551              		.cfi_startproc
 552              		@ args = 0, pretend = 0, frame = 32
 553              		@ frame_needed = 0, uses_anonymous_args = 0
 554              		.loc 1 280 1 is_stmt 0 view .LVU132
 555 0000 10B5     		push	{r4, lr}
 556              		.cfi_def_cfa_offset 8
 557              		.cfi_offset 4, -8
 558              		.cfi_offset 14, -4
 559 0002 88B0     		sub	sp, sp, #32
 560              		.cfi_def_cfa_offset 40
 561 0004 0400     		movs	r4, r0
 281:Core/Src/stm32f0xx_hal_msp.c ****   GPIO_InitTypeDef GPIO_InitStruct = {0};
 562              		.loc 1 281 3 is_stmt 1 view .LVU133
 563              		.loc 1 281 20 is_stmt 0 view .LVU134
 564 0006 1422     		movs	r2, #20
 565 0008 0021     		movs	r1, #0
 566 000a 03A8     		add	r0, sp, #12
 567              	.LVL21:
 568              		.loc 1 281 20 view .LVU135
 569 000c FFF7FEFF 		bl	memset
ARM GAS  C:\Users\14022\AppData\Local\Temp\ccgkRA9C.s 			page 17


 570              	.LVL22:
 282:Core/Src/stm32f0xx_hal_msp.c ****   if(htim->Instance==TIM1)
 571              		.loc 1 282 3 is_stmt 1 view .LVU136
 572              		.loc 1 282 10 is_stmt 0 view .LVU137
 573 0010 2368     		ldr	r3, [r4]
 574              		.loc 1 282 5 view .LVU138
 575 0012 194A     		ldr	r2, .L40
 576 0014 9342     		cmp	r3, r2
 577 0016 05D0     		beq	.L38
 283:Core/Src/stm32f0xx_hal_msp.c ****   {
 284:Core/Src/stm32f0xx_hal_msp.c ****   /* USER CODE BEGIN TIM1_MspPostInit 0 */
 285:Core/Src/stm32f0xx_hal_msp.c **** 
 286:Core/Src/stm32f0xx_hal_msp.c ****   /* USER CODE END TIM1_MspPostInit 0 */
 287:Core/Src/stm32f0xx_hal_msp.c ****     __HAL_RCC_GPIOA_CLK_ENABLE();
 288:Core/Src/stm32f0xx_hal_msp.c ****     /**TIM1 GPIO Configuration
 289:Core/Src/stm32f0xx_hal_msp.c ****     PA8     ------> TIM1_CH1
 290:Core/Src/stm32f0xx_hal_msp.c ****     */
 291:Core/Src/stm32f0xx_hal_msp.c ****     GPIO_InitStruct.Pin = USB_CLK_Pin;
 292:Core/Src/stm32f0xx_hal_msp.c ****     GPIO_InitStruct.Mode = GPIO_MODE_AF_PP;
 293:Core/Src/stm32f0xx_hal_msp.c ****     GPIO_InitStruct.Pull = GPIO_NOPULL;
 294:Core/Src/stm32f0xx_hal_msp.c ****     GPIO_InitStruct.Speed = GPIO_SPEED_FREQ_LOW;
 295:Core/Src/stm32f0xx_hal_msp.c ****     GPIO_InitStruct.Alternate = GPIO_AF2_TIM1;
 296:Core/Src/stm32f0xx_hal_msp.c ****     HAL_GPIO_Init(USB_CLK_GPIO_Port, &GPIO_InitStruct);
 297:Core/Src/stm32f0xx_hal_msp.c **** 
 298:Core/Src/stm32f0xx_hal_msp.c ****   /* USER CODE BEGIN TIM1_MspPostInit 1 */
 299:Core/Src/stm32f0xx_hal_msp.c **** 
 300:Core/Src/stm32f0xx_hal_msp.c ****   /* USER CODE END TIM1_MspPostInit 1 */
 301:Core/Src/stm32f0xx_hal_msp.c ****   }
 302:Core/Src/stm32f0xx_hal_msp.c ****   else if(htim->Instance==TIM2)
 578              		.loc 1 302 8 is_stmt 1 view .LVU139
 579              		.loc 1 302 10 is_stmt 0 view .LVU140
 580 0018 8022     		movs	r2, #128
 581 001a D205     		lsls	r2, r2, #23
 582 001c 9342     		cmp	r3, r2
 583 001e 17D0     		beq	.L39
 584              	.L35:
 303:Core/Src/stm32f0xx_hal_msp.c ****   {
 304:Core/Src/stm32f0xx_hal_msp.c ****   /* USER CODE BEGIN TIM2_MspPostInit 0 */
 305:Core/Src/stm32f0xx_hal_msp.c **** 
 306:Core/Src/stm32f0xx_hal_msp.c ****   /* USER CODE END TIM2_MspPostInit 0 */
 307:Core/Src/stm32f0xx_hal_msp.c **** 
 308:Core/Src/stm32f0xx_hal_msp.c ****     __HAL_RCC_GPIOA_CLK_ENABLE();
 309:Core/Src/stm32f0xx_hal_msp.c ****     /**TIM2 GPIO Configuration
 310:Core/Src/stm32f0xx_hal_msp.c ****     PA1     ------> TIM2_CH2
 311:Core/Src/stm32f0xx_hal_msp.c ****     */
 312:Core/Src/stm32f0xx_hal_msp.c ****     GPIO_InitStruct.Pin = LED_PWM_Pin;
 313:Core/Src/stm32f0xx_hal_msp.c ****     GPIO_InitStruct.Mode = GPIO_MODE_AF_PP;
 314:Core/Src/stm32f0xx_hal_msp.c ****     GPIO_InitStruct.Pull = GPIO_NOPULL;
 315:Core/Src/stm32f0xx_hal_msp.c ****     GPIO_InitStruct.Speed = GPIO_SPEED_FREQ_LOW;
 316:Core/Src/stm32f0xx_hal_msp.c ****     GPIO_InitStruct.Alternate = GPIO_AF2_TIM2;
 317:Core/Src/stm32f0xx_hal_msp.c ****     HAL_GPIO_Init(LED_PWM_GPIO_Port, &GPIO_InitStruct);
 318:Core/Src/stm32f0xx_hal_msp.c **** 
 319:Core/Src/stm32f0xx_hal_msp.c ****   /* USER CODE BEGIN TIM2_MspPostInit 1 */
 320:Core/Src/stm32f0xx_hal_msp.c **** 
 321:Core/Src/stm32f0xx_hal_msp.c ****   /* USER CODE END TIM2_MspPostInit 1 */
 322:Core/Src/stm32f0xx_hal_msp.c ****   }
 323:Core/Src/stm32f0xx_hal_msp.c **** 
ARM GAS  C:\Users\14022\AppData\Local\Temp\ccgkRA9C.s 			page 18


 324:Core/Src/stm32f0xx_hal_msp.c **** }
 585              		.loc 1 324 1 view .LVU141
 586 0020 08B0     		add	sp, sp, #32
 587              		@ sp needed
 588              	.LVL23:
 589              		.loc 1 324 1 view .LVU142
 590 0022 10BD     		pop	{r4, pc}
 591              	.LVL24:
 592              	.L38:
 287:Core/Src/stm32f0xx_hal_msp.c ****     /**TIM1 GPIO Configuration
 593              		.loc 1 287 5 is_stmt 1 view .LVU143
 594              	.LBB10:
 287:Core/Src/stm32f0xx_hal_msp.c ****     /**TIM1 GPIO Configuration
 595              		.loc 1 287 5 view .LVU144
 287:Core/Src/stm32f0xx_hal_msp.c ****     /**TIM1 GPIO Configuration
 596              		.loc 1 287 5 view .LVU145
 597 0024 154B     		ldr	r3, .L40+4
 598 0026 5A69     		ldr	r2, [r3, #20]
 599 0028 8021     		movs	r1, #128
 600 002a 8902     		lsls	r1, r1, #10
 601 002c 0A43     		orrs	r2, r1
 602 002e 5A61     		str	r2, [r3, #20]
 287:Core/Src/stm32f0xx_hal_msp.c ****     /**TIM1 GPIO Configuration
 603              		.loc 1 287 5 view .LVU146
 604 0030 5B69     		ldr	r3, [r3, #20]
 605 0032 0B40     		ands	r3, r1
 606 0034 0193     		str	r3, [sp, #4]
 287:Core/Src/stm32f0xx_hal_msp.c ****     /**TIM1 GPIO Configuration
 607              		.loc 1 287 5 view .LVU147
 608 0036 019B     		ldr	r3, [sp, #4]
 609              	.LBE10:
 287:Core/Src/stm32f0xx_hal_msp.c ****     /**TIM1 GPIO Configuration
 610              		.loc 1 287 5 view .LVU148
 291:Core/Src/stm32f0xx_hal_msp.c ****     GPIO_InitStruct.Mode = GPIO_MODE_AF_PP;
 611              		.loc 1 291 5 view .LVU149
 291:Core/Src/stm32f0xx_hal_msp.c ****     GPIO_InitStruct.Mode = GPIO_MODE_AF_PP;
 612              		.loc 1 291 25 is_stmt 0 view .LVU150
 613 0038 8023     		movs	r3, #128
 614 003a 5B00     		lsls	r3, r3, #1
 615 003c 0393     		str	r3, [sp, #12]
 292:Core/Src/stm32f0xx_hal_msp.c ****     GPIO_InitStruct.Pull = GPIO_NOPULL;
 616              		.loc 1 292 5 is_stmt 1 view .LVU151
 292:Core/Src/stm32f0xx_hal_msp.c ****     GPIO_InitStruct.Pull = GPIO_NOPULL;
 617              		.loc 1 292 26 is_stmt 0 view .LVU152
 618 003e FE3B     		subs	r3, r3, #254
 619 0040 0493     		str	r3, [sp, #16]
 293:Core/Src/stm32f0xx_hal_msp.c ****     GPIO_InitStruct.Speed = GPIO_SPEED_FREQ_LOW;
 620              		.loc 1 293 5 is_stmt 1 view .LVU153
 294:Core/Src/stm32f0xx_hal_msp.c ****     GPIO_InitStruct.Alternate = GPIO_AF2_TIM1;
 621              		.loc 1 294 5 view .LVU154
 295:Core/Src/stm32f0xx_hal_msp.c ****     HAL_GPIO_Init(USB_CLK_GPIO_Port, &GPIO_InitStruct);
 622              		.loc 1 295 5 view .LVU155
 295:Core/Src/stm32f0xx_hal_msp.c ****     HAL_GPIO_Init(USB_CLK_GPIO_Port, &GPIO_InitStruct);
 623              		.loc 1 295 31 is_stmt 0 view .LVU156
 624 0042 0793     		str	r3, [sp, #28]
 296:Core/Src/stm32f0xx_hal_msp.c **** 
 625              		.loc 1 296 5 is_stmt 1 view .LVU157
ARM GAS  C:\Users\14022\AppData\Local\Temp\ccgkRA9C.s 			page 19


 626 0044 9020     		movs	r0, #144
 627 0046 03A9     		add	r1, sp, #12
 628 0048 C005     		lsls	r0, r0, #23
 629 004a FFF7FEFF 		bl	HAL_GPIO_Init
 630              	.LVL25:
 631 004e E7E7     		b	.L35
 632              	.L39:
 308:Core/Src/stm32f0xx_hal_msp.c ****     /**TIM2 GPIO Configuration
 633              		.loc 1 308 5 view .LVU158
 634              	.LBB11:
 308:Core/Src/stm32f0xx_hal_msp.c ****     /**TIM2 GPIO Configuration
 635              		.loc 1 308 5 view .LVU159
 308:Core/Src/stm32f0xx_hal_msp.c ****     /**TIM2 GPIO Configuration
 636              		.loc 1 308 5 view .LVU160
 637 0050 0A4B     		ldr	r3, .L40+4
 638 0052 5A69     		ldr	r2, [r3, #20]
 639 0054 8021     		movs	r1, #128
 640 0056 8902     		lsls	r1, r1, #10
 641 0058 0A43     		orrs	r2, r1
 642 005a 5A61     		str	r2, [r3, #20]
 308:Core/Src/stm32f0xx_hal_msp.c ****     /**TIM2 GPIO Configuration
 643              		.loc 1 308 5 view .LVU161
 644 005c 5B69     		ldr	r3, [r3, #20]
 645 005e 0B40     		ands	r3, r1
 646 0060 0293     		str	r3, [sp, #8]
 308:Core/Src/stm32f0xx_hal_msp.c ****     /**TIM2 GPIO Configuration
 647              		.loc 1 308 5 view .LVU162
 648 0062 029B     		ldr	r3, [sp, #8]
 649              	.LBE11:
 308:Core/Src/stm32f0xx_hal_msp.c ****     /**TIM2 GPIO Configuration
 650              		.loc 1 308 5 view .LVU163
 312:Core/Src/stm32f0xx_hal_msp.c ****     GPIO_InitStruct.Mode = GPIO_MODE_AF_PP;
 651              		.loc 1 312 5 view .LVU164
 312:Core/Src/stm32f0xx_hal_msp.c ****     GPIO_InitStruct.Mode = GPIO_MODE_AF_PP;
 652              		.loc 1 312 25 is_stmt 0 view .LVU165
 653 0064 0223     		movs	r3, #2
 654 0066 0393     		str	r3, [sp, #12]
 313:Core/Src/stm32f0xx_hal_msp.c ****     GPIO_InitStruct.Pull = GPIO_NOPULL;
 655              		.loc 1 313 5 is_stmt 1 view .LVU166
 313:Core/Src/stm32f0xx_hal_msp.c ****     GPIO_InitStruct.Pull = GPIO_NOPULL;
 656              		.loc 1 313 26 is_stmt 0 view .LVU167
 657 0068 0493     		str	r3, [sp, #16]
 314:Core/Src/stm32f0xx_hal_msp.c ****     GPIO_InitStruct.Speed = GPIO_SPEED_FREQ_LOW;
 658              		.loc 1 314 5 is_stmt 1 view .LVU168
 315:Core/Src/stm32f0xx_hal_msp.c ****     GPIO_InitStruct.Alternate = GPIO_AF2_TIM2;
 659              		.loc 1 315 5 view .LVU169
 316:Core/Src/stm32f0xx_hal_msp.c ****     HAL_GPIO_Init(LED_PWM_GPIO_Port, &GPIO_InitStruct);
 660              		.loc 1 316 5 view .LVU170
 316:Core/Src/stm32f0xx_hal_msp.c ****     HAL_GPIO_Init(LED_PWM_GPIO_Port, &GPIO_InitStruct);
 661              		.loc 1 316 31 is_stmt 0 view .LVU171
 662 006a 0793     		str	r3, [sp, #28]
 317:Core/Src/stm32f0xx_hal_msp.c **** 
 663              		.loc 1 317 5 is_stmt 1 view .LVU172
 664 006c 9020     		movs	r0, #144
 665 006e 03A9     		add	r1, sp, #12
 666 0070 C005     		lsls	r0, r0, #23
 667 0072 FFF7FEFF 		bl	HAL_GPIO_Init
ARM GAS  C:\Users\14022\AppData\Local\Temp\ccgkRA9C.s 			page 20


 668              	.LVL26:
 669              		.loc 1 324 1 is_stmt 0 view .LVU173
 670 0076 D3E7     		b	.L35
 671              	.L41:
 672              		.align	2
 673              	.L40:
 674 0078 002C0140 		.word	1073818624
 675 007c 00100240 		.word	1073876992
 676              		.cfi_endproc
 677              	.LFE46:
 679              		.section	.text.HAL_TIM_PWM_MspDeInit,"ax",%progbits
 680              		.align	1
 681              		.global	HAL_TIM_PWM_MspDeInit
 682              		.syntax unified
 683              		.code	16
 684              		.thumb_func
 686              	HAL_TIM_PWM_MspDeInit:
 687              	.LVL27:
 688              	.LFB47:
 325:Core/Src/stm32f0xx_hal_msp.c **** /**
 326:Core/Src/stm32f0xx_hal_msp.c **** * @brief TIM_PWM MSP De-Initialization
 327:Core/Src/stm32f0xx_hal_msp.c **** * This function freeze the hardware resources used in this example
 328:Core/Src/stm32f0xx_hal_msp.c **** * @param htim_pwm: TIM_PWM handle pointer
 329:Core/Src/stm32f0xx_hal_msp.c **** * @retval None
 330:Core/Src/stm32f0xx_hal_msp.c **** */
 331:Core/Src/stm32f0xx_hal_msp.c **** void HAL_TIM_PWM_MspDeInit(TIM_HandleTypeDef* htim_pwm)
 332:Core/Src/stm32f0xx_hal_msp.c **** {
 689              		.loc 1 332 1 is_stmt 1 view -0
 690              		.cfi_startproc
 691              		@ args = 0, pretend = 0, frame = 0
 692              		@ frame_needed = 0, uses_anonymous_args = 0
 693              		@ link register save eliminated.
 333:Core/Src/stm32f0xx_hal_msp.c ****   if(htim_pwm->Instance==TIM1)
 694              		.loc 1 333 3 view .LVU175
 695              		.loc 1 333 14 is_stmt 0 view .LVU176
 696 0000 0368     		ldr	r3, [r0]
 697              		.loc 1 333 5 view .LVU177
 698 0002 0A4A     		ldr	r2, .L47
 699 0004 9342     		cmp	r3, r2
 700 0006 04D0     		beq	.L45
 334:Core/Src/stm32f0xx_hal_msp.c ****   {
 335:Core/Src/stm32f0xx_hal_msp.c ****   /* USER CODE BEGIN TIM1_MspDeInit 0 */
 336:Core/Src/stm32f0xx_hal_msp.c **** 
 337:Core/Src/stm32f0xx_hal_msp.c ****   /* USER CODE END TIM1_MspDeInit 0 */
 338:Core/Src/stm32f0xx_hal_msp.c ****     /* Peripheral clock disable */
 339:Core/Src/stm32f0xx_hal_msp.c ****     __HAL_RCC_TIM1_CLK_DISABLE();
 340:Core/Src/stm32f0xx_hal_msp.c ****   /* USER CODE BEGIN TIM1_MspDeInit 1 */
 341:Core/Src/stm32f0xx_hal_msp.c **** 
 342:Core/Src/stm32f0xx_hal_msp.c ****   /* USER CODE END TIM1_MspDeInit 1 */
 343:Core/Src/stm32f0xx_hal_msp.c ****   }
 344:Core/Src/stm32f0xx_hal_msp.c ****   else if(htim_pwm->Instance==TIM2)
 701              		.loc 1 344 8 is_stmt 1 view .LVU178
 702              		.loc 1 344 10 is_stmt 0 view .LVU179
 703 0008 8022     		movs	r2, #128
 704 000a D205     		lsls	r2, r2, #23
 705 000c 9342     		cmp	r3, r2
 706 000e 06D0     		beq	.L46
ARM GAS  C:\Users\14022\AppData\Local\Temp\ccgkRA9C.s 			page 21


 707              	.L42:
 345:Core/Src/stm32f0xx_hal_msp.c ****   {
 346:Core/Src/stm32f0xx_hal_msp.c ****   /* USER CODE BEGIN TIM2_MspDeInit 0 */
 347:Core/Src/stm32f0xx_hal_msp.c **** 
 348:Core/Src/stm32f0xx_hal_msp.c ****   /* USER CODE END TIM2_MspDeInit 0 */
 349:Core/Src/stm32f0xx_hal_msp.c ****     /* Peripheral clock disable */
 350:Core/Src/stm32f0xx_hal_msp.c ****     __HAL_RCC_TIM2_CLK_DISABLE();
 351:Core/Src/stm32f0xx_hal_msp.c ****   /* USER CODE BEGIN TIM2_MspDeInit 1 */
 352:Core/Src/stm32f0xx_hal_msp.c **** 
 353:Core/Src/stm32f0xx_hal_msp.c ****   /* USER CODE END TIM2_MspDeInit 1 */
 354:Core/Src/stm32f0xx_hal_msp.c ****   }
 355:Core/Src/stm32f0xx_hal_msp.c **** 
 356:Core/Src/stm32f0xx_hal_msp.c **** }
 708              		.loc 1 356 1 view .LVU180
 709              		@ sp needed
 710 0010 7047     		bx	lr
 711              	.L45:
 339:Core/Src/stm32f0xx_hal_msp.c ****   /* USER CODE BEGIN TIM1_MspDeInit 1 */
 712              		.loc 1 339 5 is_stmt 1 view .LVU181
 713 0012 074A     		ldr	r2, .L47+4
 714 0014 9369     		ldr	r3, [r2, #24]
 715 0016 0749     		ldr	r1, .L47+8
 716 0018 0B40     		ands	r3, r1
 717 001a 9361     		str	r3, [r2, #24]
 718 001c F8E7     		b	.L42
 719              	.L46:
 350:Core/Src/stm32f0xx_hal_msp.c ****   /* USER CODE BEGIN TIM2_MspDeInit 1 */
 720              		.loc 1 350 5 view .LVU182
 721 001e 044A     		ldr	r2, .L47+4
 722 0020 D369     		ldr	r3, [r2, #28]
 723 0022 0121     		movs	r1, #1
 724 0024 8B43     		bics	r3, r1
 725 0026 D361     		str	r3, [r2, #28]
 726              		.loc 1 356 1 is_stmt 0 view .LVU183
 727 0028 F2E7     		b	.L42
 728              	.L48:
 729 002a C046     		.align	2
 730              	.L47:
 731 002c 002C0140 		.word	1073818624
 732 0030 00100240 		.word	1073876992
 733 0034 FFF7FFFF 		.word	-2049
 734              		.cfi_endproc
 735              	.LFE47:
 737              		.section	.text.HAL_UART_MspInit,"ax",%progbits
 738              		.align	1
 739              		.global	HAL_UART_MspInit
 740              		.syntax unified
 741              		.code	16
 742              		.thumb_func
 744              	HAL_UART_MspInit:
 745              	.LVL28:
 746              	.LFB48:
 357:Core/Src/stm32f0xx_hal_msp.c **** 
 358:Core/Src/stm32f0xx_hal_msp.c **** /**
 359:Core/Src/stm32f0xx_hal_msp.c **** * @brief UART MSP Initialization
 360:Core/Src/stm32f0xx_hal_msp.c **** * This function configures the hardware resources used in this example
 361:Core/Src/stm32f0xx_hal_msp.c **** * @param huart: UART handle pointer
ARM GAS  C:\Users\14022\AppData\Local\Temp\ccgkRA9C.s 			page 22


 362:Core/Src/stm32f0xx_hal_msp.c **** * @retval None
 363:Core/Src/stm32f0xx_hal_msp.c **** */
 364:Core/Src/stm32f0xx_hal_msp.c **** void HAL_UART_MspInit(UART_HandleTypeDef* huart)
 365:Core/Src/stm32f0xx_hal_msp.c **** {
 747              		.loc 1 365 1 is_stmt 1 view -0
 748              		.cfi_startproc
 749              		@ args = 0, pretend = 0, frame = 32
 750              		@ frame_needed = 0, uses_anonymous_args = 0
 751              		.loc 1 365 1 is_stmt 0 view .LVU185
 752 0000 10B5     		push	{r4, lr}
 753              		.cfi_def_cfa_offset 8
 754              		.cfi_offset 4, -8
 755              		.cfi_offset 14, -4
 756 0002 88B0     		sub	sp, sp, #32
 757              		.cfi_def_cfa_offset 40
 758 0004 0400     		movs	r4, r0
 366:Core/Src/stm32f0xx_hal_msp.c ****   GPIO_InitTypeDef GPIO_InitStruct = {0};
 759              		.loc 1 366 3 is_stmt 1 view .LVU186
 760              		.loc 1 366 20 is_stmt 0 view .LVU187
 761 0006 1422     		movs	r2, #20
 762 0008 0021     		movs	r1, #0
 763 000a 03A8     		add	r0, sp, #12
 764              	.LVL29:
 765              		.loc 1 366 20 view .LVU188
 766 000c FFF7FEFF 		bl	memset
 767              	.LVL30:
 367:Core/Src/stm32f0xx_hal_msp.c ****   if(huart->Instance==USART1)
 768              		.loc 1 367 3 is_stmt 1 view .LVU189
 769              		.loc 1 367 11 is_stmt 0 view .LVU190
 770 0010 2268     		ldr	r2, [r4]
 771              		.loc 1 367 5 view .LVU191
 772 0012 134B     		ldr	r3, .L52
 773 0014 9A42     		cmp	r2, r3
 774 0016 01D0     		beq	.L51
 775              	.L49:
 368:Core/Src/stm32f0xx_hal_msp.c ****   {
 369:Core/Src/stm32f0xx_hal_msp.c ****   /* USER CODE BEGIN USART1_MspInit 0 */
 370:Core/Src/stm32f0xx_hal_msp.c **** 
 371:Core/Src/stm32f0xx_hal_msp.c ****   /* USER CODE END USART1_MspInit 0 */
 372:Core/Src/stm32f0xx_hal_msp.c ****     /* Peripheral clock enable */
 373:Core/Src/stm32f0xx_hal_msp.c ****     __HAL_RCC_USART1_CLK_ENABLE();
 374:Core/Src/stm32f0xx_hal_msp.c **** 
 375:Core/Src/stm32f0xx_hal_msp.c ****     __HAL_RCC_GPIOA_CLK_ENABLE();
 376:Core/Src/stm32f0xx_hal_msp.c ****     /**USART1 GPIO Configuration
 377:Core/Src/stm32f0xx_hal_msp.c ****     PA9     ------> USART1_TX
 378:Core/Src/stm32f0xx_hal_msp.c ****     PA10     ------> USART1_RX
 379:Core/Src/stm32f0xx_hal_msp.c ****     */
 380:Core/Src/stm32f0xx_hal_msp.c ****     GPIO_InitStruct.Pin = GPIO_PIN_9|GPIO_PIN_10;
 381:Core/Src/stm32f0xx_hal_msp.c ****     GPIO_InitStruct.Mode = GPIO_MODE_AF_PP;
 382:Core/Src/stm32f0xx_hal_msp.c ****     GPIO_InitStruct.Pull = GPIO_NOPULL;
 383:Core/Src/stm32f0xx_hal_msp.c ****     GPIO_InitStruct.Speed = GPIO_SPEED_FREQ_HIGH;
 384:Core/Src/stm32f0xx_hal_msp.c ****     GPIO_InitStruct.Alternate = GPIO_AF1_USART1;
 385:Core/Src/stm32f0xx_hal_msp.c ****     HAL_GPIO_Init(GPIOA, &GPIO_InitStruct);
 386:Core/Src/stm32f0xx_hal_msp.c **** 
 387:Core/Src/stm32f0xx_hal_msp.c ****   /* USER CODE BEGIN USART1_MspInit 1 */
 388:Core/Src/stm32f0xx_hal_msp.c **** 
 389:Core/Src/stm32f0xx_hal_msp.c ****   /* USER CODE END USART1_MspInit 1 */
ARM GAS  C:\Users\14022\AppData\Local\Temp\ccgkRA9C.s 			page 23


 390:Core/Src/stm32f0xx_hal_msp.c **** 
 391:Core/Src/stm32f0xx_hal_msp.c ****   }
 392:Core/Src/stm32f0xx_hal_msp.c **** 
 393:Core/Src/stm32f0xx_hal_msp.c **** }
 776              		.loc 1 393 1 view .LVU192
 777 0018 08B0     		add	sp, sp, #32
 778              		@ sp needed
 779              	.LVL31:
 780              		.loc 1 393 1 view .LVU193
 781 001a 10BD     		pop	{r4, pc}
 782              	.LVL32:
 783              	.L51:
 373:Core/Src/stm32f0xx_hal_msp.c **** 
 784              		.loc 1 373 5 is_stmt 1 view .LVU194
 785              	.LBB12:
 373:Core/Src/stm32f0xx_hal_msp.c **** 
 786              		.loc 1 373 5 view .LVU195
 373:Core/Src/stm32f0xx_hal_msp.c **** 
 787              		.loc 1 373 5 view .LVU196
 788 001c 114B     		ldr	r3, .L52+4
 789 001e 9A69     		ldr	r2, [r3, #24]
 790 0020 8021     		movs	r1, #128
 791 0022 C901     		lsls	r1, r1, #7
 792 0024 0A43     		orrs	r2, r1
 793 0026 9A61     		str	r2, [r3, #24]
 373:Core/Src/stm32f0xx_hal_msp.c **** 
 794              		.loc 1 373 5 view .LVU197
 795 0028 9A69     		ldr	r2, [r3, #24]
 796 002a 0A40     		ands	r2, r1
 797 002c 0192     		str	r2, [sp, #4]
 373:Core/Src/stm32f0xx_hal_msp.c **** 
 798              		.loc 1 373 5 view .LVU198
 799 002e 019A     		ldr	r2, [sp, #4]
 800              	.LBE12:
 373:Core/Src/stm32f0xx_hal_msp.c **** 
 801              		.loc 1 373 5 view .LVU199
 375:Core/Src/stm32f0xx_hal_msp.c ****     /**USART1 GPIO Configuration
 802              		.loc 1 375 5 view .LVU200
 803              	.LBB13:
 375:Core/Src/stm32f0xx_hal_msp.c ****     /**USART1 GPIO Configuration
 804              		.loc 1 375 5 view .LVU201
 375:Core/Src/stm32f0xx_hal_msp.c ****     /**USART1 GPIO Configuration
 805              		.loc 1 375 5 view .LVU202
 806 0030 5A69     		ldr	r2, [r3, #20]
 807 0032 8021     		movs	r1, #128
 808 0034 8902     		lsls	r1, r1, #10
 809 0036 0A43     		orrs	r2, r1
 810 0038 5A61     		str	r2, [r3, #20]
 375:Core/Src/stm32f0xx_hal_msp.c ****     /**USART1 GPIO Configuration
 811              		.loc 1 375 5 view .LVU203
 812 003a 5B69     		ldr	r3, [r3, #20]
 813 003c 0B40     		ands	r3, r1
 814 003e 0293     		str	r3, [sp, #8]
 375:Core/Src/stm32f0xx_hal_msp.c ****     /**USART1 GPIO Configuration
 815              		.loc 1 375 5 view .LVU204
 816 0040 029B     		ldr	r3, [sp, #8]
 817              	.LBE13:
ARM GAS  C:\Users\14022\AppData\Local\Temp\ccgkRA9C.s 			page 24


 375:Core/Src/stm32f0xx_hal_msp.c ****     /**USART1 GPIO Configuration
 818              		.loc 1 375 5 view .LVU205
 380:Core/Src/stm32f0xx_hal_msp.c ****     GPIO_InitStruct.Mode = GPIO_MODE_AF_PP;
 819              		.loc 1 380 5 view .LVU206
 380:Core/Src/stm32f0xx_hal_msp.c ****     GPIO_InitStruct.Mode = GPIO_MODE_AF_PP;
 820              		.loc 1 380 25 is_stmt 0 view .LVU207
 821 0042 C023     		movs	r3, #192
 822 0044 DB00     		lsls	r3, r3, #3
 823 0046 0393     		str	r3, [sp, #12]
 381:Core/Src/stm32f0xx_hal_msp.c ****     GPIO_InitStruct.Pull = GPIO_NOPULL;
 824              		.loc 1 381 5 is_stmt 1 view .LVU208
 381:Core/Src/stm32f0xx_hal_msp.c ****     GPIO_InitStruct.Pull = GPIO_NOPULL;
 825              		.loc 1 381 26 is_stmt 0 view .LVU209
 826 0048 0223     		movs	r3, #2
 827 004a 0493     		str	r3, [sp, #16]
 382:Core/Src/stm32f0xx_hal_msp.c ****     GPIO_InitStruct.Speed = GPIO_SPEED_FREQ_HIGH;
 828              		.loc 1 382 5 is_stmt 1 view .LVU210
 383:Core/Src/stm32f0xx_hal_msp.c ****     GPIO_InitStruct.Alternate = GPIO_AF1_USART1;
 829              		.loc 1 383 5 view .LVU211
 383:Core/Src/stm32f0xx_hal_msp.c ****     GPIO_InitStruct.Alternate = GPIO_AF1_USART1;
 830              		.loc 1 383 27 is_stmt 0 view .LVU212
 831 004c 0133     		adds	r3, r3, #1
 832 004e 0693     		str	r3, [sp, #24]
 384:Core/Src/stm32f0xx_hal_msp.c ****     HAL_GPIO_Init(GPIOA, &GPIO_InitStruct);
 833              		.loc 1 384 5 is_stmt 1 view .LVU213
 384:Core/Src/stm32f0xx_hal_msp.c ****     HAL_GPIO_Init(GPIOA, &GPIO_InitStruct);
 834              		.loc 1 384 31 is_stmt 0 view .LVU214
 835 0050 023B     		subs	r3, r3, #2
 836 0052 0793     		str	r3, [sp, #28]
 385:Core/Src/stm32f0xx_hal_msp.c **** 
 837              		.loc 1 385 5 is_stmt 1 view .LVU215
 838 0054 9020     		movs	r0, #144
 839 0056 03A9     		add	r1, sp, #12
 840 0058 C005     		lsls	r0, r0, #23
 841 005a FFF7FEFF 		bl	HAL_GPIO_Init
 842              	.LVL33:
 843              		.loc 1 393 1 is_stmt 0 view .LVU216
 844 005e DBE7     		b	.L49
 845              	.L53:
 846              		.align	2
 847              	.L52:
 848 0060 00380140 		.word	1073821696
 849 0064 00100240 		.word	1073876992
 850              		.cfi_endproc
 851              	.LFE48:
 853              		.section	.text.HAL_UART_MspDeInit,"ax",%progbits
 854              		.align	1
 855              		.global	HAL_UART_MspDeInit
 856              		.syntax unified
 857              		.code	16
 858              		.thumb_func
 860              	HAL_UART_MspDeInit:
 861              	.LVL34:
 862              	.LFB49:
 394:Core/Src/stm32f0xx_hal_msp.c **** 
 395:Core/Src/stm32f0xx_hal_msp.c **** /**
 396:Core/Src/stm32f0xx_hal_msp.c **** * @brief UART MSP De-Initialization
ARM GAS  C:\Users\14022\AppData\Local\Temp\ccgkRA9C.s 			page 25


 397:Core/Src/stm32f0xx_hal_msp.c **** * This function freeze the hardware resources used in this example
 398:Core/Src/stm32f0xx_hal_msp.c **** * @param huart: UART handle pointer
 399:Core/Src/stm32f0xx_hal_msp.c **** * @retval None
 400:Core/Src/stm32f0xx_hal_msp.c **** */
 401:Core/Src/stm32f0xx_hal_msp.c **** void HAL_UART_MspDeInit(UART_HandleTypeDef* huart)
 402:Core/Src/stm32f0xx_hal_msp.c **** {
 863              		.loc 1 402 1 is_stmt 1 view -0
 864              		.cfi_startproc
 865              		@ args = 0, pretend = 0, frame = 0
 866              		@ frame_needed = 0, uses_anonymous_args = 0
 867              		.loc 1 402 1 is_stmt 0 view .LVU218
 868 0000 10B5     		push	{r4, lr}
 869              		.cfi_def_cfa_offset 8
 870              		.cfi_offset 4, -8
 871              		.cfi_offset 14, -4
 403:Core/Src/stm32f0xx_hal_msp.c ****   if(huart->Instance==USART1)
 872              		.loc 1 403 3 is_stmt 1 view .LVU219
 873              		.loc 1 403 11 is_stmt 0 view .LVU220
 874 0002 0268     		ldr	r2, [r0]
 875              		.loc 1 403 5 view .LVU221
 876 0004 074B     		ldr	r3, .L57
 877 0006 9A42     		cmp	r2, r3
 878 0008 00D0     		beq	.L56
 879              	.LVL35:
 880              	.L54:
 404:Core/Src/stm32f0xx_hal_msp.c ****   {
 405:Core/Src/stm32f0xx_hal_msp.c ****   /* USER CODE BEGIN USART1_MspDeInit 0 */
 406:Core/Src/stm32f0xx_hal_msp.c **** 
 407:Core/Src/stm32f0xx_hal_msp.c ****   /* USER CODE END USART1_MspDeInit 0 */
 408:Core/Src/stm32f0xx_hal_msp.c ****     /* Peripheral clock disable */
 409:Core/Src/stm32f0xx_hal_msp.c ****     __HAL_RCC_USART1_CLK_DISABLE();
 410:Core/Src/stm32f0xx_hal_msp.c **** 
 411:Core/Src/stm32f0xx_hal_msp.c ****     /**USART1 GPIO Configuration
 412:Core/Src/stm32f0xx_hal_msp.c ****     PA9     ------> USART1_TX
 413:Core/Src/stm32f0xx_hal_msp.c ****     PA10     ------> USART1_RX
 414:Core/Src/stm32f0xx_hal_msp.c ****     */
 415:Core/Src/stm32f0xx_hal_msp.c ****     HAL_GPIO_DeInit(GPIOA, GPIO_PIN_9|GPIO_PIN_10);
 416:Core/Src/stm32f0xx_hal_msp.c **** 
 417:Core/Src/stm32f0xx_hal_msp.c ****   /* USER CODE BEGIN USART1_MspDeInit 1 */
 418:Core/Src/stm32f0xx_hal_msp.c **** 
 419:Core/Src/stm32f0xx_hal_msp.c ****   /* USER CODE END USART1_MspDeInit 1 */
 420:Core/Src/stm32f0xx_hal_msp.c ****   }
 421:Core/Src/stm32f0xx_hal_msp.c **** 
 422:Core/Src/stm32f0xx_hal_msp.c **** }
 881              		.loc 1 422 1 view .LVU222
 882              		@ sp needed
 883 000a 10BD     		pop	{r4, pc}
 884              	.LVL36:
 885              	.L56:
 409:Core/Src/stm32f0xx_hal_msp.c **** 
 886              		.loc 1 409 5 is_stmt 1 view .LVU223
 887 000c 064A     		ldr	r2, .L57+4
 888 000e 9369     		ldr	r3, [r2, #24]
 889 0010 0649     		ldr	r1, .L57+8
 890 0012 0B40     		ands	r3, r1
 891 0014 9361     		str	r3, [r2, #24]
 415:Core/Src/stm32f0xx_hal_msp.c **** 
ARM GAS  C:\Users\14022\AppData\Local\Temp\ccgkRA9C.s 			page 26


 892              		.loc 1 415 5 view .LVU224
 893 0016 C021     		movs	r1, #192
 894 0018 9020     		movs	r0, #144
 895              	.LVL37:
 415:Core/Src/stm32f0xx_hal_msp.c **** 
 896              		.loc 1 415 5 is_stmt 0 view .LVU225
 897 001a C900     		lsls	r1, r1, #3
 898 001c C005     		lsls	r0, r0, #23
 899 001e FFF7FEFF 		bl	HAL_GPIO_DeInit
 900              	.LVL38:
 901              		.loc 1 422 1 view .LVU226
 902 0022 F2E7     		b	.L54
 903              	.L58:
 904              		.align	2
 905              	.L57:
 906 0024 00380140 		.word	1073821696
 907 0028 00100240 		.word	1073876992
 908 002c FFBFFFFF 		.word	-16385
 909              		.cfi_endproc
 910              	.LFE49:
 912              		.section	.text.HAL_PCD_MspInit,"ax",%progbits
 913              		.align	1
 914              		.global	HAL_PCD_MspInit
 915              		.syntax unified
 916              		.code	16
 917              		.thumb_func
 919              	HAL_PCD_MspInit:
 920              	.LVL39:
 921              	.LFB50:
 423:Core/Src/stm32f0xx_hal_msp.c **** 
 424:Core/Src/stm32f0xx_hal_msp.c **** /**
 425:Core/Src/stm32f0xx_hal_msp.c **** * @brief PCD MSP Initialization
 426:Core/Src/stm32f0xx_hal_msp.c **** * This function configures the hardware resources used in this example
 427:Core/Src/stm32f0xx_hal_msp.c **** * @param hpcd: PCD handle pointer
 428:Core/Src/stm32f0xx_hal_msp.c **** * @retval None
 429:Core/Src/stm32f0xx_hal_msp.c **** */
 430:Core/Src/stm32f0xx_hal_msp.c **** void HAL_PCD_MspInit(PCD_HandleTypeDef* hpcd)
 431:Core/Src/stm32f0xx_hal_msp.c **** {
 922              		.loc 1 431 1 is_stmt 1 view -0
 923              		.cfi_startproc
 924              		@ args = 0, pretend = 0, frame = 8
 925              		@ frame_needed = 0, uses_anonymous_args = 0
 926              		@ link register save eliminated.
 927              		.loc 1 431 1 is_stmt 0 view .LVU228
 928 0000 82B0     		sub	sp, sp, #8
 929              		.cfi_def_cfa_offset 8
 432:Core/Src/stm32f0xx_hal_msp.c ****   if(hpcd->Instance==USB)
 930              		.loc 1 432 3 is_stmt 1 view .LVU229
 931              		.loc 1 432 10 is_stmt 0 view .LVU230
 932 0002 0268     		ldr	r2, [r0]
 933              		.loc 1 432 5 view .LVU231
 934 0004 074B     		ldr	r3, .L62
 935 0006 9A42     		cmp	r2, r3
 936 0008 01D0     		beq	.L61
 937              	.L59:
 433:Core/Src/stm32f0xx_hal_msp.c ****   {
 434:Core/Src/stm32f0xx_hal_msp.c ****   /* USER CODE BEGIN USB_MspInit 0 */
ARM GAS  C:\Users\14022\AppData\Local\Temp\ccgkRA9C.s 			page 27


 435:Core/Src/stm32f0xx_hal_msp.c **** 
 436:Core/Src/stm32f0xx_hal_msp.c ****   /* USER CODE END USB_MspInit 0 */
 437:Core/Src/stm32f0xx_hal_msp.c ****     /* Peripheral clock enable */
 438:Core/Src/stm32f0xx_hal_msp.c ****     __HAL_RCC_USB_CLK_ENABLE();
 439:Core/Src/stm32f0xx_hal_msp.c ****   /* USER CODE BEGIN USB_MspInit 1 */
 440:Core/Src/stm32f0xx_hal_msp.c **** 
 441:Core/Src/stm32f0xx_hal_msp.c ****   /* USER CODE END USB_MspInit 1 */
 442:Core/Src/stm32f0xx_hal_msp.c **** 
 443:Core/Src/stm32f0xx_hal_msp.c ****   }
 444:Core/Src/stm32f0xx_hal_msp.c **** 
 445:Core/Src/stm32f0xx_hal_msp.c **** }
 938              		.loc 1 445 1 view .LVU232
 939 000a 02B0     		add	sp, sp, #8
 940              		@ sp needed
 941 000c 7047     		bx	lr
 942              	.L61:
 438:Core/Src/stm32f0xx_hal_msp.c ****   /* USER CODE BEGIN USB_MspInit 1 */
 943              		.loc 1 438 5 is_stmt 1 view .LVU233
 944              	.LBB14:
 438:Core/Src/stm32f0xx_hal_msp.c ****   /* USER CODE BEGIN USB_MspInit 1 */
 945              		.loc 1 438 5 view .LVU234
 438:Core/Src/stm32f0xx_hal_msp.c ****   /* USER CODE BEGIN USB_MspInit 1 */
 946              		.loc 1 438 5 view .LVU235
 947 000e 064B     		ldr	r3, .L62+4
 948 0010 DA69     		ldr	r2, [r3, #28]
 949 0012 8021     		movs	r1, #128
 950 0014 0904     		lsls	r1, r1, #16
 951 0016 0A43     		orrs	r2, r1
 952 0018 DA61     		str	r2, [r3, #28]
 438:Core/Src/stm32f0xx_hal_msp.c ****   /* USER CODE BEGIN USB_MspInit 1 */
 953              		.loc 1 438 5 view .LVU236
 954 001a DB69     		ldr	r3, [r3, #28]
 955 001c 0B40     		ands	r3, r1
 956 001e 0193     		str	r3, [sp, #4]
 438:Core/Src/stm32f0xx_hal_msp.c ****   /* USER CODE BEGIN USB_MspInit 1 */
 957              		.loc 1 438 5 view .LVU237
 958 0020 019B     		ldr	r3, [sp, #4]
 959              	.LBE14:
 438:Core/Src/stm32f0xx_hal_msp.c ****   /* USER CODE BEGIN USB_MspInit 1 */
 960              		.loc 1 438 5 discriminator 1 view .LVU238
 961              		.loc 1 445 1 is_stmt 0 view .LVU239
 962 0022 F2E7     		b	.L59
 963              	.L63:
 964              		.align	2
 965              	.L62:
 966 0024 005C0040 		.word	1073765376
 967 0028 00100240 		.word	1073876992
 968              		.cfi_endproc
 969              	.LFE50:
 971              		.section	.text.HAL_PCD_MspDeInit,"ax",%progbits
 972              		.align	1
 973              		.global	HAL_PCD_MspDeInit
 974              		.syntax unified
 975              		.code	16
 976              		.thumb_func
 978              	HAL_PCD_MspDeInit:
 979              	.LVL40:
ARM GAS  C:\Users\14022\AppData\Local\Temp\ccgkRA9C.s 			page 28


 980              	.LFB51:
 446:Core/Src/stm32f0xx_hal_msp.c **** 
 447:Core/Src/stm32f0xx_hal_msp.c **** /**
 448:Core/Src/stm32f0xx_hal_msp.c **** * @brief PCD MSP De-Initialization
 449:Core/Src/stm32f0xx_hal_msp.c **** * This function freeze the hardware resources used in this example
 450:Core/Src/stm32f0xx_hal_msp.c **** * @param hpcd: PCD handle pointer
 451:Core/Src/stm32f0xx_hal_msp.c **** * @retval None
 452:Core/Src/stm32f0xx_hal_msp.c **** */
 453:Core/Src/stm32f0xx_hal_msp.c **** void HAL_PCD_MspDeInit(PCD_HandleTypeDef* hpcd)
 454:Core/Src/stm32f0xx_hal_msp.c **** {
 981              		.loc 1 454 1 is_stmt 1 view -0
 982              		.cfi_startproc
 983              		@ args = 0, pretend = 0, frame = 0
 984              		@ frame_needed = 0, uses_anonymous_args = 0
 985              		@ link register save eliminated.
 455:Core/Src/stm32f0xx_hal_msp.c ****   if(hpcd->Instance==USB)
 986              		.loc 1 455 3 view .LVU241
 987              		.loc 1 455 10 is_stmt 0 view .LVU242
 988 0000 0268     		ldr	r2, [r0]
 989              		.loc 1 455 5 view .LVU243
 990 0002 054B     		ldr	r3, .L67
 991 0004 9A42     		cmp	r2, r3
 992 0006 00D0     		beq	.L66
 993              	.L64:
 456:Core/Src/stm32f0xx_hal_msp.c ****   {
 457:Core/Src/stm32f0xx_hal_msp.c ****   /* USER CODE BEGIN USB_MspDeInit 0 */
 458:Core/Src/stm32f0xx_hal_msp.c **** 
 459:Core/Src/stm32f0xx_hal_msp.c ****   /* USER CODE END USB_MspDeInit 0 */
 460:Core/Src/stm32f0xx_hal_msp.c ****     /* Peripheral clock disable */
 461:Core/Src/stm32f0xx_hal_msp.c ****     __HAL_RCC_USB_CLK_DISABLE();
 462:Core/Src/stm32f0xx_hal_msp.c ****   /* USER CODE BEGIN USB_MspDeInit 1 */
 463:Core/Src/stm32f0xx_hal_msp.c **** 
 464:Core/Src/stm32f0xx_hal_msp.c ****   /* USER CODE END USB_MspDeInit 1 */
 465:Core/Src/stm32f0xx_hal_msp.c ****   }
 466:Core/Src/stm32f0xx_hal_msp.c **** 
 467:Core/Src/stm32f0xx_hal_msp.c **** }
 994              		.loc 1 467 1 view .LVU244
 995              		@ sp needed
 996 0008 7047     		bx	lr
 997              	.L66:
 461:Core/Src/stm32f0xx_hal_msp.c ****   /* USER CODE BEGIN USB_MspDeInit 1 */
 998              		.loc 1 461 5 is_stmt 1 view .LVU245
 999 000a 044A     		ldr	r2, .L67+4
 1000 000c D369     		ldr	r3, [r2, #28]
 1001 000e 0449     		ldr	r1, .L67+8
 1002 0010 0B40     		ands	r3, r1
 1003 0012 D361     		str	r3, [r2, #28]
 1004              		.loc 1 467 1 is_stmt 0 view .LVU246
 1005 0014 F8E7     		b	.L64
 1006              	.L68:
 1007 0016 C046     		.align	2
 1008              	.L67:
 1009 0018 005C0040 		.word	1073765376
 1010 001c 00100240 		.word	1073876992
 1011 0020 FFFF7FFF 		.word	-8388609
 1012              		.cfi_endproc
 1013              	.LFE51:
ARM GAS  C:\Users\14022\AppData\Local\Temp\ccgkRA9C.s 			page 29


 1015              		.text
 1016              	.Letext0:
 1017              		.file 2 "C:/Users/14022/AppData/Roaming/Code/User/globalStorage/bmd.stm32-for-vscode/@xpack-dev-to
 1018              		.file 3 "C:/Users/14022/AppData/Roaming/Code/User/globalStorage/bmd.stm32-for-vscode/@xpack-dev-to
 1019              		.file 4 "Drivers/CMSIS/Device/ST/STM32F0xx/Include/stm32f072xb.h"
 1020              		.file 5 "Drivers/STM32F0xx_HAL_Driver/Inc/stm32f0xx_hal_def.h"
 1021              		.file 6 "Drivers/STM32F0xx_HAL_Driver/Inc/stm32f0xx_hal_gpio.h"
 1022              		.file 7 "Drivers/STM32F0xx_HAL_Driver/Inc/stm32f0xx_hal_dma.h"
 1023              		.file 8 "Drivers/STM32F0xx_HAL_Driver/Inc/stm32f0xx_ll_usb.h"
 1024              		.file 9 "Drivers/STM32F0xx_HAL_Driver/Inc/stm32f0xx_hal_pcd.h"
 1025              		.file 10 "Drivers/STM32F0xx_HAL_Driver/Inc/stm32f0xx_hal_rtc.h"
 1026              		.file 11 "Drivers/STM32F0xx_HAL_Driver/Inc/stm32f0xx_hal_spi.h"
 1027              		.file 12 "Drivers/STM32F0xx_HAL_Driver/Inc/stm32f0xx_hal_tim.h"
 1028              		.file 13 "Drivers/STM32F0xx_HAL_Driver/Inc/stm32f0xx_hal_uart.h"
 1029              		.file 14 "<built-in>"
ARM GAS  C:\Users\14022\AppData\Local\Temp\ccgkRA9C.s 			page 30


DEFINED SYMBOLS
                            *ABS*:00000000 stm32f0xx_hal_msp.c
C:\Users\14022\AppData\Local\Temp\ccgkRA9C.s:19     .text.HAL_MspInit:00000000 $t
C:\Users\14022\AppData\Local\Temp\ccgkRA9C.s:25     .text.HAL_MspInit:00000000 HAL_MspInit
C:\Users\14022\AppData\Local\Temp\ccgkRA9C.s:75     .text.HAL_MspInit:0000002c $d
C:\Users\14022\AppData\Local\Temp\ccgkRA9C.s:80     .text.HAL_RTC_MspInit:00000000 $t
C:\Users\14022\AppData\Local\Temp\ccgkRA9C.s:86     .text.HAL_RTC_MspInit:00000000 HAL_RTC_MspInit
C:\Users\14022\AppData\Local\Temp\ccgkRA9C.s:118    .text.HAL_RTC_MspInit:00000018 $d
C:\Users\14022\AppData\Local\Temp\ccgkRA9C.s:124    .text.HAL_RTC_MspDeInit:00000000 $t
C:\Users\14022\AppData\Local\Temp\ccgkRA9C.s:130    .text.HAL_RTC_MspDeInit:00000000 HAL_RTC_MspDeInit
C:\Users\14022\AppData\Local\Temp\ccgkRA9C.s:161    .text.HAL_RTC_MspDeInit:00000018 $d
C:\Users\14022\AppData\Local\Temp\ccgkRA9C.s:168    .text.HAL_SPI_MspInit:00000000 $t
C:\Users\14022\AppData\Local\Temp\ccgkRA9C.s:174    .text.HAL_SPI_MspInit:00000000 HAL_SPI_MspInit
C:\Users\14022\AppData\Local\Temp\ccgkRA9C.s:366    .text.HAL_SPI_MspInit:000000bc $d
C:\Users\14022\AppData\Local\Temp\ccgkRA9C.s:374    .text.HAL_SPI_MspDeInit:00000000 $t
C:\Users\14022\AppData\Local\Temp\ccgkRA9C.s:380    .text.HAL_SPI_MspDeInit:00000000 HAL_SPI_MspDeInit
C:\Users\14022\AppData\Local\Temp\ccgkRA9C.s:447    .text.HAL_SPI_MspDeInit:00000040 $d
C:\Users\14022\AppData\Local\Temp\ccgkRA9C.s:457    .text.HAL_TIM_PWM_MspInit:00000000 $t
C:\Users\14022\AppData\Local\Temp\ccgkRA9C.s:463    .text.HAL_TIM_PWM_MspInit:00000000 HAL_TIM_PWM_MspInit
C:\Users\14022\AppData\Local\Temp\ccgkRA9C.s:535    .text.HAL_TIM_PWM_MspInit:00000040 $d
C:\Users\14022\AppData\Local\Temp\ccgkRA9C.s:541    .text.HAL_TIM_MspPostInit:00000000 $t
C:\Users\14022\AppData\Local\Temp\ccgkRA9C.s:547    .text.HAL_TIM_MspPostInit:00000000 HAL_TIM_MspPostInit
C:\Users\14022\AppData\Local\Temp\ccgkRA9C.s:674    .text.HAL_TIM_MspPostInit:00000078 $d
C:\Users\14022\AppData\Local\Temp\ccgkRA9C.s:680    .text.HAL_TIM_PWM_MspDeInit:00000000 $t
C:\Users\14022\AppData\Local\Temp\ccgkRA9C.s:686    .text.HAL_TIM_PWM_MspDeInit:00000000 HAL_TIM_PWM_MspDeInit
C:\Users\14022\AppData\Local\Temp\ccgkRA9C.s:731    .text.HAL_TIM_PWM_MspDeInit:0000002c $d
C:\Users\14022\AppData\Local\Temp\ccgkRA9C.s:738    .text.HAL_UART_MspInit:00000000 $t
C:\Users\14022\AppData\Local\Temp\ccgkRA9C.s:744    .text.HAL_UART_MspInit:00000000 HAL_UART_MspInit
C:\Users\14022\AppData\Local\Temp\ccgkRA9C.s:848    .text.HAL_UART_MspInit:00000060 $d
C:\Users\14022\AppData\Local\Temp\ccgkRA9C.s:854    .text.HAL_UART_MspDeInit:00000000 $t
C:\Users\14022\AppData\Local\Temp\ccgkRA9C.s:860    .text.HAL_UART_MspDeInit:00000000 HAL_UART_MspDeInit
C:\Users\14022\AppData\Local\Temp\ccgkRA9C.s:906    .text.HAL_UART_MspDeInit:00000024 $d
C:\Users\14022\AppData\Local\Temp\ccgkRA9C.s:913    .text.HAL_PCD_MspInit:00000000 $t
C:\Users\14022\AppData\Local\Temp\ccgkRA9C.s:919    .text.HAL_PCD_MspInit:00000000 HAL_PCD_MspInit
C:\Users\14022\AppData\Local\Temp\ccgkRA9C.s:966    .text.HAL_PCD_MspInit:00000024 $d
C:\Users\14022\AppData\Local\Temp\ccgkRA9C.s:972    .text.HAL_PCD_MspDeInit:00000000 $t
C:\Users\14022\AppData\Local\Temp\ccgkRA9C.s:978    .text.HAL_PCD_MspDeInit:00000000 HAL_PCD_MspDeInit
C:\Users\14022\AppData\Local\Temp\ccgkRA9C.s:1009   .text.HAL_PCD_MspDeInit:00000018 $d

UNDEFINED SYMBOLS
memset
HAL_GPIO_Init
HAL_GPIO_DeInit
